Log file open, 07/10/18 02:08:19
LogWindows: Failed to load 'aqProf.dll' (GetLastError=126)
LogWindows: File 'aqProf.dll' does not exist
LogWindows: Failed to load 'VtuneApi.dll' (GetLastError=126)
LogWindows: File 'VtuneApi.dll' does not exist
LogWindows: Failed to load 'VtuneApi32e.dll' (GetLastError=126)
LogWindows: File 'VtuneApi32e.dll' does not exist
LogInit: Display: Running engine for game: BattleTank
LogPlatformFile: Not using cached read wrapper
LogInit: Display: RandInit(402434633) SRandInit(402434633).
LogInit: Read version file with build ID '3944462'
LogInit: Overriding engine version to CL 4033788, compatible CL 3944462
LogInit: Registered custom module enumerator with build ID '3944462'
LogTaskGraph: Started task graph with 5 named threads and 35 total threads with 3 sets of task threads.
LogStats: Stats thread started at 0.382475
LogD3D11RHI: Aftermath initialized
LogICUInternationalization: Display: ICU TimeZone Detection - Raw Offset: +2:00, Platform Override: ''
LogPluginManager: Mounting plugin Paper2D
LogPluginManager: Mounting plugin LiveLink
LogPluginManager: Mounting plugin LightPropagationVolume
LogPluginManager: Mounting plugin CLionSourceCodeAccess
LogPluginManager: Mounting plugin CodeLiteSourceCodeAccess
LogPluginManager: Mounting plugin GitSourceControl
LogPluginManager: Mounting plugin KDevelopSourceCodeAccess
LogPluginManager: Mounting plugin NullSourceCodeAccess
LogPluginManager: Mounting plugin PerforceSourceControl
LogPluginManager: Mounting plugin SubversionSourceControl
LogPluginManager: Mounting plugin UObjectPlugin
LogPluginManager: Mounting plugin VisualStudioCodeSourceCodeAccess
LogPluginManager: Mounting plugin VisualStudioSourceCodeAccess
LogPluginManager: Mounting plugin XCodeSourceCodeAccess
LogPluginManager: Mounting plugin AssetManagerEditor
LogPluginManager: Mounting plugin CryptoKeys
LogPluginManager: Mounting plugin DataValidation
LogPluginManager: Mounting plugin FacialAnimation
LogPluginManager: Mounting plugin GameplayTagsEditor
LogPluginManager: Mounting plugin MobileLauncherProfileWizard
LogPluginManager: Mounting plugin PluginBrowser
LogPluginManager: Mounting plugin SpeedTreeImporter
LogPluginManager: Mounting plugin DatasmithContent
LogPluginManager: Mounting plugin AlembicImporter
LogPluginManager: Mounting plugin CharacterAI
LogPluginManager: Mounting plugin HTML5Networking
LogPluginManager: Mounting plugin AndroidMedia
LogPluginManager: Mounting plugin AvfMedia
LogPluginManager: Mounting plugin ImgMedia
LogPluginManager: Mounting plugin LinearTimecode
LogPluginManager: Mounting plugin MediaCompositing
LogPluginManager: Mounting plugin MediaPlayerEditor
LogPluginManager: Mounting plugin WmfMedia
LogPluginManager: Mounting plugin TcpMessaging
LogPluginManager: Mounting plugin UdpMessaging
LogPluginManager: Mounting plugin ActorSequence
LogPluginManager: Mounting plugin LevelSequenceEditor
LogPluginManager: Mounting plugin MatineeToLevelSequence
LogPluginManager: Mounting plugin NetcodeUnitTest
LogPluginManager: Mounting plugin NUTUnrealEngine4
LogPluginManager: Mounting plugin OnlineSubsystemGooglePlay
LogPluginManager: Mounting plugin OnlineSubsystemIOS
LogPluginManager: Mounting plugin OnlineSubsystem
LogPluginManager: Mounting plugin OnlineSubsystemNull
LogPluginManager: Mounting plugin OnlineSubsystemUtils
LogPluginManager: Mounting plugin AndroidDeviceProfileSelector
LogPluginManager: Mounting plugin AndroidMoviePlayer
LogPluginManager: Mounting plugin AndroidPermission
LogPluginManager: Mounting plugin AppleARKit
LogPluginManager: Mounting plugin AppleMoviePlayer
LogPluginManager: Mounting plugin ArchVisCharacter
LogPluginManager: Mounting plugin AudioCapture
LogPluginManager: Mounting plugin CableComponent
LogPluginManager: Mounting plugin CustomMeshComponent
LogPluginManager: Mounting plugin ExampleDeviceProfileSelector
LogPluginManager: Mounting plugin GoogleCloudMessaging
LogPluginManager: Mounting plugin ImmediatePhysics
LogPluginManager: Mounting plugin IOSDeviceProfileSelector
LogPluginManager: Mounting plugin LinuxDeviceProfileSelector
LogPluginManager: Mounting plugin LocationServicesBPLibrary
LogPluginManager: Mounting plugin MobilePatchingUtils
LogPluginManager: Mounting plugin OculusVR
LogPluginManager: Plugin shader directory ../../../Engine/Plugins/Runtime/Oculus/OculusVR/Shaders found
LogPluginManager: Mapping shader source directory ../../../Engine/Plugins/Runtime/Oculus/OculusVR/Shaders to virtual directory /Plugin/OculusVR
LogPluginManager: Mounting plugin PhysXVehicles
LogPluginManager: Mounting plugin ProceduralMeshComponent
LogPluginManager: Mounting plugin RuntimePhysXCooking
LogPluginManager: Mounting plugin WindowsMoviePlayer
LogStreaming: Display: Took  0.042s to configure plugins.
LogModuleManager: Display: Found up-to-date module file ../../../../../../Programming/Unreal/02_battleTank/BattleTank/Binaries/Win64/UE4Editor-BattleTank-5494.dll (API version 3944462).
LogModuleManager: Display: Found up-to-date module file ../../../Engine/Plugins/2D/Paper2D/Binaries/Win64/UE4Editor-Paper2D.dll (API version 3944462).
LogModuleManager: Display: Found up-to-date module file ../../../Engine/Plugins/2D/Paper2D/Binaries/Win64/UE4Editor-Paper2DEditor.dll (API version 3944462).
LogModuleManager: Display: Found up-to-date module file ../../../Engine/Plugins/2D/Paper2D/Binaries/Win64/UE4Editor-PaperSpriteSheetImporter.dll (API version 3944462).
LogModuleManager: Display: Found up-to-date module file ../../../Engine/Plugins/2D/Paper2D/Binaries/Win64/UE4Editor-PaperTiledImporter.dll (API version 3944462).
LogModuleManager: Display: Found up-to-date module file ../../../Engine/Plugins/2D/Paper2D/Binaries/Win64/UE4Editor-SmartSnapping.dll (API version 3944462).
LogModuleManager: Display: Found up-to-date module file ../../../Engine/Plugins/Animation/LiveLink/Binaries/Win64/UE4Editor-LiveLink.dll (API version 3944462).
LogModuleManager: Display: Found up-to-date module file ../../../Engine/Plugins/Animation/LiveLink/Binaries/Win64/UE4Editor-LiveLinkEditor.dll (API version 3944462).
LogModuleManager: Display: Found up-to-date module file ../../../Engine/Plugins/Blendables/LightPropagationVolume/Binaries/Win64/UE4Editor-LightPropagationVolumeRuntime.dll (API version 3944462).
LogModuleManager: Display: Found up-to-date module file ../../../Engine/Plugins/Blendables/LightPropagationVolume/Binaries/Win64/UE4Editor-LightPropagationVolumeEditor.dll (API version 3944462).
LogModuleManager: Display: Found up-to-date module file ../../../Engine/Plugins/Developer/CLionSourceCodeAccess/Binaries/Win64/UE4Editor-CLionSourceCodeAccess.dll (API version 3944462).
LogModuleManager: Display: Found up-to-date module file ../../../Engine/Plugins/Developer/GitSourceControl/Binaries/Win64/UE4Editor-GitSourceControl.dll (API version 3944462).
LogModuleManager: Display: Found up-to-date module file ../../../Engine/Plugins/Developer/PerforceSourceControl/Binaries/Win64/UE4Editor-PerforceSourceControl.dll (API version 3944462).
LogModuleManager: Display: Found up-to-date module file ../../../Engine/Plugins/Developer/SubversionSourceControl/Binaries/Win64/UE4Editor-SubversionSourceControl.dll (API version 3944462).
LogModuleManager: Display: Found up-to-date module file ../../../Engine/Plugins/Developer/UObjectPlugin/Binaries/Win64/UE4Editor-UObjectPlugin.dll (API version 3944462).
LogModuleManager: Display: Found up-to-date module file ../../../Engine/Plugins/Developer/VisualStudioCodeSourceCodeAccess/Binaries/Win64/UE4Editor-VisualStudioCodeSourceCodeAccess.dll (API version 3944462).
LogModuleManager: Display: Found up-to-date module file ../../../Engine/Plugins/Developer/VisualStudioSourceCodeAccess/Binaries/Win64/UE4Editor-VisualStudioSourceCodeAccess.dll (API version 3944462).
LogModuleManager: Display: Found up-to-date module file ../../../Engine/Plugins/Editor/AssetManagerEditor/Binaries/Win64/UE4Editor-AssetManagerEditor.dll (API version 3944462).
LogModuleManager: Display: Found up-to-date module file ../../../Engine/Plugins/Editor/CryptoKeys/Binaries/Win64/UE4Editor-CryptoKeys.dll (API version 3944462).
LogModuleManager: Display: Found up-to-date module file ../../../Engine/Plugins/Editor/CryptoKeys/Binaries/Win64/UE4Editor-CryptoKeysOpenSSL.dll (API version 3944462).
LogModuleManager: Display: Found up-to-date module file ../../../Engine/Plugins/Editor/DataValidation/Binaries/Win64/UE4Editor-DataValidation.dll (API version 3944462).
LogModuleManager: Display: Found up-to-date module file ../../../Engine/Plugins/Editor/FacialAnimation/Binaries/Win64/UE4Editor-FacialAnimation.dll (API version 3944462).
LogModuleManager: Display: Found up-to-date module file ../../../Engine/Plugins/Editor/FacialAnimation/Binaries/Win64/UE4Editor-FacialAnimationEditor.dll (API version 3944462).
LogModuleManager: Display: Found up-to-date module file ../../../Engine/Plugins/Editor/GameplayTagsEditor/Binaries/Win64/UE4Editor-GameplayTagsEditor.dll (API version 3944462).
LogModuleManager: Display: Found up-to-date module file ../../../Engine/Plugins/Editor/MobileLauncherProfileWizard/Binaries/Win64/UE4Editor-MobileLauncherProfileWizard.dll (API version 3944462).
LogModuleManager: Display: Found up-to-date module file ../../../Engine/Plugins/Editor/PluginBrowser/Binaries/Win64/UE4Editor-PluginBrowser.dll (API version 3944462).
LogModuleManager: Display: Found up-to-date module file ../../../Engine/Plugins/Editor/SpeedTreeImporter/Binaries/Win64/UE4Editor-SpeedTreeImporter.dll (API version 3944462).
LogModuleManager: Display: Found up-to-date module file ../../../Engine/Plugins/Enterprise/DatasmithContent/Binaries/Win64/UE4Editor-DatasmithContent.dll (API version 3944462).
LogModuleManager: Display: Found up-to-date module file ../../../Engine/Plugins/Experimental/AlembicImporter/Binaries/Win64/UE4Editor-AlembicImporter.dll (API version 3944462).
LogModuleManager: Display: Found up-to-date module file ../../../Engine/Plugins/Experimental/AlembicImporter/Binaries/Win64/UE4Editor-AlembicLibrary.dll (API version 3944462).
LogModuleManager: Display: Found up-to-date module file ../../../Engine/Plugins/Experimental/CharacterAI/Binaries/Win64/UE4Editor-CharacterAI.dll (API version 3944462).
LogModuleManager: Display: Found up-to-date module file ../../../Engine/Plugins/Experimental/HTML5Networking/Binaries/Win64/UE4Editor-HTML5Networking.dll (API version 3944462).
LogModuleManager: Display: Found up-to-date module file ../../../Engine/Plugins/Media/AndroidMedia/Binaries/Win64/UE4Editor-AndroidMediaEditor.dll (API version 3944462).
LogModuleManager: Display: Found up-to-date module file ../../../Engine/Plugins/Media/AndroidMedia/Binaries/Win64/UE4Editor-AndroidMediaFactory.dll (API version 3944462).
LogModuleManager: Display: Found up-to-date module file ../../../Engine/Plugins/Media/AvfMedia/Binaries/Win64/UE4Editor-AvfMediaEditor.dll (API version 3944462).
LogModuleManager: Display: Found up-to-date module file ../../../Engine/Plugins/Media/AvfMedia/Binaries/Win64/UE4Editor-AvfMediaFactory.dll (API version 3944462).
LogModuleManager: Display: Found up-to-date module file ../../../Engine/Plugins/Media/AvfMedia/Binaries/Win64/UE4Editor-AvfMediaFactory.dll (API version 3944462).
LogModuleManager: Display: Found up-to-date module file ../../../Engine/Plugins/Media/ImgMedia/Binaries/Win64/UE4Editor-ImgMedia.dll (API version 3944462).
LogModuleManager: Display: Found up-to-date module file ../../../Engine/Plugins/Media/ImgMedia/Binaries/Win64/UE4Editor-ImgMediaEditor.dll (API version 3944462).
LogModuleManager: Display: Found up-to-date module file ../../../Engine/Plugins/Media/ImgMedia/Binaries/Win64/UE4Editor-ImgMediaFactory.dll (API version 3944462).
LogModuleManager: Display: Found up-to-date module file ../../../Engine/Plugins/Media/ImgMedia/Binaries/Win64/UE4Editor-ImgMediaFactory.dll (API version 3944462).
LogModuleManager: Display: Found up-to-date module file ../../../Engine/Plugins/Media/ImgMedia/Binaries/Win64/UE4Editor-OpenExrWrapper.dll (API version 3944462).
LogModuleManager: Display: Found up-to-date module file ../../../Engine/Plugins/Media/LinearTimecode/Binaries/Win64/UE4Editor-LinearTimecode.dll (API version 3944462).
LogModuleManager: Display: Found up-to-date module file ../../../Engine/Plugins/Media/MediaCompositing/Binaries/Win64/UE4Editor-MediaCompositing.dll (API version 3944462).
LogModuleManager: Display: Found up-to-date module file ../../../Engine/Plugins/Media/MediaCompositing/Binaries/Win64/UE4Editor-MediaCompositingEditor.dll (API version 3944462).
LogModuleManager: Display: Found up-to-date module file ../../../Engine/Plugins/Media/MediaPlayerEditor/Binaries/Win64/UE4Editor-MediaPlayerEditor.dll (API version 3944462).
LogModuleManager: Display: Found up-to-date module file ../../../Engine/Plugins/Media/WmfMedia/Binaries/Win64/UE4Editor-WmfMedia.dll (API version 3944462).
LogModuleManager: Display: Found up-to-date module file ../../../Engine/Plugins/Media/WmfMedia/Binaries/Win64/UE4Editor-WmfMediaEditor.dll (API version 3944462).
LogModuleManager: Display: Found up-to-date module file ../../../Engine/Plugins/Media/WmfMedia/Binaries/Win64/UE4Editor-WmfMediaFactory.dll (API version 3944462).
LogModuleManager: Display: Found up-to-date module file ../../../Engine/Plugins/Media/WmfMedia/Binaries/Win64/UE4Editor-WmfMediaFactory.dll (API version 3944462).
LogModuleManager: Display: Found up-to-date module file ../../../Engine/Plugins/Messaging/TcpMessaging/Binaries/Win64/UE4Editor-TcpMessaging.dll (API version 3944462).
LogModuleManager: Display: Found up-to-date module file ../../../Engine/Plugins/Messaging/UdpMessaging/Binaries/Win64/UE4Editor-UdpMessaging.dll (API version 3944462).
LogModuleManager: Display: Found up-to-date module file ../../../Engine/Plugins/MovieScene/ActorSequence/Binaries/Win64/UE4Editor-ActorSequence.dll (API version 3944462).
LogModuleManager: Display: Found up-to-date module file ../../../Engine/Plugins/MovieScene/LevelSequenceEditor/Binaries/Win64/UE4Editor-LevelSequenceEditor.dll (API version 3944462).
LogModuleManager: Display: Found up-to-date module file ../../../Engine/Plugins/MovieScene/MatineeToLevelSequence/Binaries/Win64/UE4Editor-MatineeToLevelSequence.dll (API version 3944462).
LogModuleManager: Display: Found up-to-date module file ../../../Engine/Plugins/NetcodeUnitTest/NetcodeUnitTest/Binaries/Win64/UE4Editor-NetcodeUnitTest.dll (API version 3944462).
LogModuleManager: Display: Found up-to-date module file ../../../Engine/Plugins/NetcodeUnitTest/NUTUnrealEngine4/Binaries/Win64/UE4Editor-NUTUnrealEngine4.dll (API version 3944462).
LogModuleManager: Display: Found up-to-date module file ../../../Engine/Plugins/Online/OnlineSubsystem/Binaries/Win64/UE4Editor-OnlineSubsystem.dll (API version 3944462).
LogModuleManager: Display: Found up-to-date module file ../../../Engine/Plugins/Online/OnlineSubsystemNull/Binaries/Win64/UE4Editor-OnlineSubsystemNull.dll (API version 3944462).
LogModuleManager: Display: Found up-to-date module file ../../../Engine/Plugins/Online/OnlineSubsystemUtils/Binaries/Win64/UE4Editor-OnlineSubsystemUtils.dll (API version 3944462).
LogModuleManager: Display: Found up-to-date module file ../../../Engine/Plugins/Online/OnlineSubsystemUtils/Binaries/Win64/UE4Editor-OnlineBlueprintSupport.dll (API version 3944462).
LogModuleManager: Display: Found up-to-date module file ../../../Engine/Plugins/Runtime/AndroidDeviceProfileSelector/Binaries/Win64/UE4Editor-AndroidDeviceProfileSelector.dll (API version 3944462).
LogModuleManager: Display: Found up-to-date module file ../../../Engine/Plugins/Runtime/AndroidPermission/Binaries/Win64/UE4Editor-AndroidPermission.dll (API version 3944462).
LogModuleManager: Display: Found up-to-date module file ../../../Engine/Plugins/Runtime/AppleARKit/Binaries/Win64/UE4Editor-AppleARKit.dll (API version 3944462).
LogModuleManager: Display: Found up-to-date module file ../../../Engine/Plugins/Runtime/ArchVisCharacter/Binaries/Win64/UE4Editor-ArchVisCharacter.dll (API version 3944462).
LogModuleManager: Display: Found up-to-date module file ../../../Engine/Plugins/Runtime/AudioCapture/Binaries/Win64/UE4Editor-AudioCapture.dll (API version 3944462).
LogModuleManager: Display: Found up-to-date module file ../../../Engine/Plugins/Runtime/AudioCapture/Binaries/Win64/UE4Editor-AudioCaptureEditor.dll (API version 3944462).
LogModuleManager: Display: Found up-to-date module file ../../../Engine/Plugins/Runtime/CableComponent/Binaries/Win64/UE4Editor-CableComponent.dll (API version 3944462).
LogModuleManager: Display: Found up-to-date module file ../../../Engine/Plugins/Runtime/CustomMeshComponent/Binaries/Win64/UE4Editor-CustomMeshComponent.dll (API version 3944462).
LogModuleManager: Display: Found up-to-date module file ../../../Engine/Plugins/Runtime/ExampleDeviceProfileSelector/Binaries/Win64/UE4Editor-ExampleDeviceProfileSelector.dll (API version 3944462).
LogModuleManager: Display: Found up-to-date module file ../../../Engine/Plugins/Runtime/ImmediatePhysics/Binaries/Win64/UE4Editor-ImmediatePhysics.dll (API version 3944462).
LogModuleManager: Display: Found up-to-date module file ../../../Engine/Plugins/Runtime/ImmediatePhysics/Binaries/Win64/UE4Editor-ImmediatePhysicsEditor.dll (API version 3944462).
LogModuleManager: Display: Found up-to-date module file ../../../Engine/Plugins/Runtime/LocationServicesBPLibrary/Binaries/Win64/UE4Editor-LocationServicesBPLibrary.dll (API version 3944462).
LogModuleManager: Display: Found up-to-date module file ../../../Engine/Plugins/Runtime/MobilePatchingUtils/Binaries/Win64/UE4Editor-MobilePatchingUtils.dll (API version 3944462).
LogModuleManager: Display: Found up-to-date module file ../../../Engine/Plugins/Runtime/Oculus/OculusVR/Binaries/Win64/UE4Editor-OculusHMD.dll (API version 3944462).
LogModuleManager: Display: Found up-to-date module file ../../../Engine/Plugins/Runtime/Oculus/OculusVR/Binaries/Win64/UE4Editor-OculusInput.dll (API version 3944462).
LogModuleManager: Display: Found up-to-date module file ../../../Engine/Plugins/Runtime/Oculus/OculusVR/Binaries/Win64/UE4Editor-OculusEditor.dll (API version 3944462).
LogModuleManager: Display: Found up-to-date module file ../../../Engine/Plugins/Runtime/PhysXVehicles/Binaries/Win64/UE4Editor-PhysXVehicles.dll (API version 3944462).
LogModuleManager: Display: Found up-to-date module file ../../../Engine/Plugins/Runtime/PhysXVehicles/Binaries/Win64/UE4Editor-PhysXVehiclesEditor.dll (API version 3944462).
LogModuleManager: Display: Found up-to-date module file ../../../Engine/Plugins/Runtime/ProceduralMeshComponent/Binaries/Win64/UE4Editor-ProceduralMeshComponent.dll (API version 3944462).
LogModuleManager: Display: Found up-to-date module file ../../../Engine/Plugins/Runtime/ProceduralMeshComponent/Binaries/Win64/UE4Editor-ProceduralMeshComponentEditor.dll (API version 3944462).
LogModuleManager: Display: Found up-to-date module file ../../../Engine/Plugins/Runtime/RuntimePhysXCooking/Binaries/Win64/UE4Editor-RuntimePhysXCooking.dll (API version 3944462).
LogModuleManager: Display: Found up-to-date module file ../../../Engine/Plugins/Runtime/WindowsMoviePlayer/Binaries/Win64/UE4Editor-WindowsMoviePlayer.dll (API version 3944462).
LogInit: Using libcurl 7.47.1
LogInit:  - built for x86_64-pc-win32
LogInit:  - supports SSL with OpenSSL/1.0.2g
LogInit:  - supports HTTP deflate (compression) using libz 1.2.8
LogInit:  - other features:
LogInit:      CURL_VERSION_SSL
LogInit:      CURL_VERSION_LIBZ
LogInit:      CURL_VERSION_IPV6
LogInit:      CURL_VERSION_ASYNCHDNS
LogInit:      CURL_VERSION_LARGEFILE
LogInit:      CURL_VERSION_IDN
LogInit:  CurlRequestOptions (configurable via config and command line):
LogInit:  - bVerifyPeer = false  - Libcurl will NOT verify peer certificate
LogInit:  - bUseHttpProxy = false  - Libcurl will NOT use HTTP proxy
LogInit:  - bDontReuseConnections = false  - Libcurl will reuse connections
LogInit:  - CertBundlePath = nullptr  - Libcurl will use whatever was configured at build time.
LogInit:  - MaxHostConnections = 16  - Libcurl will limit the number of connections to a host
LogInit:  - LocalHostAddr = Default
LogInit: WinSock: version 1.1 (2.2), MaxSocks=32767, MaxUdp=65467
LogInit: WinSock: I am Salamander (192.168.1.101:0)
LogInit: Build: ++UE4+Release-4.19-CL-4033788
LogInit: Engine Version: 4.19.2-4033788+++UE4+Release-4.19
LogInit: Compatible Engine Version: 4.19.0-3944462+++UE4+Release-4.19
LogInit: Net CL: 3944462
LogDevObjectVersion: Number of dev versions registered: 18
LogDevObjectVersion:   Dev-Blueprints (B0D832E4-1F89-4F0D-ACCF-7EB736FD4AA2): 10
LogDevObjectVersion:   Dev-Build (E1C64328-A22C-4D53-A36C-8E866417BD8C): 0
LogDevObjectVersion:   Dev-Core (375EC13C-06E4-48FB-B500-84F0262A717E): 2
LogDevObjectVersion:   Dev-Editor (E4B068ED-F494-42E9-A231-DA0B2E46BB41): 23
LogDevObjectVersion:   Dev-Framework (CFFC743F-43B0-4480-9391-14DF171D2073): 33
LogDevObjectVersion:   Dev-Mobile (B02B49B5-BB20-44E9-A304-32B752E40360): 2
LogDevObjectVersion:   Dev-Networking (A4E4105C-59A1-49B5-A7C5-40C4547EDFEE): 0
LogDevObjectVersion:   Dev-Online (39C831C9-5AE6-47DC-9A44-9C173E1C8E7C): 0
LogDevObjectVersion:   Dev-Physics (78F01B33-EBEA-4F98-B9B4-84EACCB95AA2): 0
LogDevObjectVersion:   Dev-Platform (6631380F-2D4D-43E0-8009-CF276956A95A): 0
LogDevObjectVersion:   Dev-Rendering (12F88B9F-8875-4AFC-A67C-D90C383ABD29): 25
LogDevObjectVersion:   Dev-Sequencer (7B5AE74C-D270-4C10-A958-57980B212A5A): 6
LogDevObjectVersion:   Dev-VR (D7296918-1DD6-4BDD-9DE2-64A83CC13884): 1
LogDevObjectVersion:   Dev-LoadTimes (C2A15278-BFE7-4AFE-6C17-90FF531DF755): 1
LogDevObjectVersion:   Private-Geometry (6EACA3D4-40EC-4CC1-B786-8BED09428FC5): 2
LogDevObjectVersion:   Dev-AnimPhys (29E575DD-E0A3-4627-9D10-D276232CDCEA): 16
LogDevObjectVersion:   Dev-ReflectionCapture (6B266CEC-1EC7-4B8F-A30B-E4D90942FC07): 1
LogDevObjectVersion:   Dev-Automation (0DF73D61-A23F-47EA-B727-89E90C41499A): 1
LogInit: Compiled (64-bit): Apr 27 2018 02:06:57
LogInit: Compiled with Visual C++: 19.00.24215.01
LogInit: Build Configuration: Development
LogInit: Branch Name: ++UE4+Release-4.19
LogInit: Command Line:  
LogInit: Base Directory: N:/Program Files/EpicGames/UE_4.19/Engine/Binaries/Win64/
LogInit: Installed Engine Build: 1
LogStreaming: Display: Took  0.000s to delete old logs.
LogInit: Presizing for max 8388607 objects, including 0 objects not considered by GC, pre-allocating 0 bytes for permanent pool.
LogInit: Object subsystem initialized
[2018.07.10-00.08.20:537][  0]LogInit: Selected Device Profile: [Windows]
[2018.07.10-00.08.20:537][  0]LogInit: Applying CVar settings loaded from the selected device profile: [Windows]
[2018.07.10-00.08.20:543][  0]LogInit: Computer: SALAMANDER
[2018.07.10-00.08.20:543][  0]LogInit: User: morga
[2018.07.10-00.08.20:543][  0]LogInit: CPU Page size=4096, Cores=6
[2018.07.10-00.08.20:543][  0]LogInit: High frequency timer resolution =3.609374 MHz
[2018.07.10-00.08.20:543][  0]LogMemory: Memory total: Physical=15.9GB (16GB approx)
[2018.07.10-00.08.20:543][  0]LogMemory: Platform Memory Stats for Windows
[2018.07.10-00.08.20:543][  0]LogMemory: Process Physical Memory: 273.87 MB used, 273.87 MB peak
[2018.07.10-00.08.20:543][  0]LogMemory: Process Virtual Memory: 271.54 MB used, 271.54 MB peak
[2018.07.10-00.08.20:543][  0]LogMemory: Physical Memory: 8403.68 MB used,  7909.40 MB free, 16313.08 MB total
[2018.07.10-00.08.20:543][  0]LogMemory: Virtual Memory: 4807.88 MB used,  7909.40 MB free, 134217728.00 MB total
[2018.07.10-00.08.20:553][  0]LogInit: Using OS detected language (en-GB).
[2018.07.10-00.08.20:553][  0]LogInit: Using OS detected locale (en-GB).
[2018.07.10-00.08.20:554][  0]LogTextLocalizationManager: No specific localization for 'en-GB' exists, so the 'en' localization will be used.
[2018.07.10-00.08.20:858][  0]LogStreaming: Display: Took  0.305s to EndInitTextLocalization.
[2018.07.10-00.08.20:858][  0]LogInit: Setting process to per monitor DPI aware
[2018.07.10-00.08.20:882][  0]LogSlate: New Slate User Created.  User Index 0, Is Virtual User: 0
[2018.07.10-00.08.20:883][  0]LogSlate: Slate User Registered.  User Index 0, Is Virtual User: 0
[2018.07.10-00.08.20:985][  0]LogD3D11RHI: D3D11 adapters:
[2018.07.10-00.08.21:037][  0]LogD3D11RHI:    0. 'NVIDIA GeForce GTX 1080 Ti' (Feature Level 11_0)
[2018.07.10-00.08.21:037][  0]LogD3D11RHI:       11127/0/8156 MB DedicatedVideo/DedicatedSystem/SharedSystem, Outputs:1, VendorId:0x10de
[2018.07.10-00.08.21:038][  0]LogD3D11RHI:    1. 'Microsoft Basic Render Driver' (Feature Level 11_0)
[2018.07.10-00.08.21:038][  0]LogD3D11RHI:       0/0/8156 MB DedicatedVideo/DedicatedSystem/SharedSystem, Outputs:0, VendorId:0x1414
[2018.07.10-00.08.21:038][  0]LogD3D11RHI: Chosen D3D11 Adapter: 0
[2018.07.10-00.08.21:045][  0]LogD3D11RHI: Creating new Direct3DDevice
[2018.07.10-00.08.21:045][  0]LogD3D11RHI:     GPU DeviceId: 0x1b06 (for the marketing name, search the web for "GPU Device Id")
[2018.07.10-00.08.21:045][  0]LogWindows: EnumDisplayDevices:
[2018.07.10-00.08.21:045][  0]LogWindows:    0. 'NVIDIA GeForce GTX 1080 Ti' (P:1 D:1)
[2018.07.10-00.08.21:045][  0]LogWindows:    1. 'NVIDIA GeForce GTX 1080 Ti' (P:0 D:0)
[2018.07.10-00.08.21:045][  0]LogWindows:    2. 'NVIDIA GeForce GTX 1080 Ti' (P:0 D:0)
[2018.07.10-00.08.21:046][  0]LogWindows:    3. 'NVIDIA GeForce GTX 1080 Ti' (P:0 D:0)
[2018.07.10-00.08.21:046][  0]LogWindows: DebugString: GetVideoDriverDetailsInvalid PrimaryIsNotTheChoosenAdapter GetVideoDriverDetailsInvalid PrimaryIsNotTheChoosenAdapter GetVideoDriverDetailsInvalid PrimaryIsNotTheChoosenAdapter GetVideoDriverDetailsInvalid PrimaryIsNotTheChoosenAdapter FoundDriverCount:0 
[2018.07.10-00.08.21:046][  0]LogD3D11RHI:     Adapter Name: NVIDIA GeForce GTX 1080 Ti
[2018.07.10-00.08.21:046][  0]LogD3D11RHI:   Driver Version: Unknown (internal:Unknown, unified:Unknown)
[2018.07.10-00.08.21:046][  0]LogD3D11RHI:      Driver Date: Unknown
[2018.07.10-00.08.21:046][  0]LogRHI: Texture pool is 7788 MB (70% of 11127 MB)
[2018.07.10-00.08.21:071][  0]LogD3D11RHI: [Aftermath] Aftermath enabled and primed
[2018.07.10-00.08.21:071][  0]LogD3D11RHI: [Aftermath] Aftermath enabled and primed
[2018.07.10-00.08.21:071][  0]LogD3D11RHI: Async texture creation enabled
[2018.07.10-00.08.21:090][  0]LogD3D11RHI: GPU Timing Frequency: 1000.000000 (Debug: 2 2)
[2018.07.10-00.08.21:139][  0]LogShaderCompilers: Guid format shader working directory is -16 characters bigger than the processId version (../../../../../../Programming/Unreal/02_battleTank/BattleTank/Intermediate/Shaders/WorkingDirectory/11576/).
[2018.07.10-00.08.21:139][  0]LogShaderCompilers: Cleaned the shader compiler working directory 'C:/Users/morga/AppData/Local/Temp/UnrealShaderWorkingDir/ECDA6A0E45E487CB6241E2ADDD192E41/'.
[2018.07.10-00.08.21:287][  0]LogTemp: Display: Loaded TP AllDesktopTargetPlatform
[2018.07.10-00.08.21:296][  0]LogTemp: Display: Loaded TP MacClientTargetPlatform
[2018.07.10-00.08.21:305][  0]LogTemp: Display: Loaded TP MacNoEditorTargetPlatform
[2018.07.10-00.08.21:315][  0]LogTemp: Display: Loaded TP MacServerTargetPlatform
[2018.07.10-00.08.21:324][  0]LogTemp: Display: Loaded TP MacTargetPlatform
[2018.07.10-00.08.21:333][  0]LogTemp: Display: Loaded TP WindowsClientTargetPlatform
[2018.07.10-00.08.21:342][  0]LogTemp: Display: Loaded TP WindowsNoEditorTargetPlatform
[2018.07.10-00.08.21:352][  0]LogTemp: Display: Loaded TP WindowsServerTargetPlatform
[2018.07.10-00.08.21:357][  0]LogTemp: Display: Loaded TP WindowsTargetPlatform
[2018.07.10-00.08.21:365][  0]LogTemp: Display: Loaded TP Android_ASTCTargetPlatform
[2018.07.10-00.08.21:373][  0]LogTemp: Display: Loaded TP Android_ATCTargetPlatform
[2018.07.10-00.08.21:382][  0]LogTemp: Display: Loaded TP Android_DXTTargetPlatform
[2018.07.10-00.08.21:390][  0]LogTemp: Display: Loaded TP Android_ETC1aTargetPlatform
[2018.07.10-00.08.21:399][  0]LogTemp: Display: Loaded TP Android_ETC1TargetPlatform
[2018.07.10-00.08.21:407][  0]LogTemp: Display: Loaded TP Android_ETC2TargetPlatform
[2018.07.10-00.08.21:424][  0]LogTemp: Display: Loaded TP Android_MultiTargetPlatform
[2018.07.10-00.08.21:424][  0]LogTemp: Display: Loaded TP Android_PVRTCTargetPlatform
[2018.07.10-00.08.21:432][  0]LogTemp: Display: Loaded TP AndroidTargetPlatform
[2018.07.10-00.08.21:433][  0]LogTemp: Display: Loaded TP HTML5TargetPlatform
[2018.07.10-00.08.21:464][  0]LogTemp: Display: Loaded TP IOSTargetPlatform
[2018.07.10-00.08.21:472][  0]LogTemp: Display: Loaded TP TVOSTargetPlatform
[2018.07.10-00.08.21:480][  0]LogTemp: Display: Loaded TP LinuxClientTargetPlatform
[2018.07.10-00.08.21:488][  0]LogTemp: Display: Loaded TP LinuxNoEditorTargetPlatform
[2018.07.10-00.08.21:496][  0]LogTemp: Display: Loaded TP LinuxServerTargetPlatform
[2018.07.10-00.08.21:504][  0]LogTemp: Display: Loaded TP LinuxTargetPlatform
[2018.07.10-00.08.21:504][  0]LogTargetPlatformManager: Display: Building Assets For Windows
[2018.07.10-00.08.21:559][  0]LogXGEController: Cannot use XGE Controller as Incredibuild is not installed on this machine.
[2018.07.10-00.08.21:559][  0]LogShaderCompilers: Cannot use XGE Shader Compiler as Incredibuild is not installed on this machine.
[2018.07.10-00.08.21:559][  0]LogShaderCompilers: Display: Using Local Shader Compiler.
[2018.07.10-00.08.22:005][  0]LogDerivedDataCache: Display: Max Cache Size: 512 MB
[2018.07.10-00.08.22:060][  0]LogDerivedDataCache: Loaded boot cache 0.05s 74MB C:/Users/morga/AppData/Local/UnrealEngine/4.19/DerivedDataCache/Boot.ddc.
[2018.07.10-00.08.22:060][  0]LogDerivedDataCache: Display: Loaded Boot cache: C:/Users/morga/AppData/Local/UnrealEngine/4.19/DerivedDataCache/Boot.ddc
[2018.07.10-00.08.22:060][  0]LogDerivedDataCache: FDerivedDataBackendGraph:  Pak pak cache file ../../../../../../Programming/Unreal/02_battleTank/BattleTank/DerivedDataCache/DDC.ddp not found, will not use a pak cache.
[2018.07.10-00.08.22:060][  0]LogDerivedDataCache: Unable to find inner node Pak for hierarchical cache Hierarchy.
[2018.07.10-00.08.22:060][  0]LogDerivedDataCache: FDerivedDataBackendGraph:  CompressedPak pak cache file ../../../../../../Programming/Unreal/02_battleTank/BattleTank/DerivedDataCache/Compressed.ddp not found, will not use a pak cache.
[2018.07.10-00.08.22:060][  0]LogDerivedDataCache: Unable to find inner node CompressedPak for hierarchical cache Hierarchy.
[2018.07.10-00.08.22:072][  0]LogDerivedDataCache: Display: Pak cache opened for reading ../../../Engine/DerivedDataCache/Compressed.ddp.
[2018.07.10-00.08.22:084][  0]LogDerivedDataCache: Using Local data cache path C:/Users/morga/AppData/Local/UnrealEngine/Common/DerivedDataCache: Writable
[2018.07.10-00.08.22:084][  0]LogDerivedDataCache: Shared data cache path not found in *engine.ini, will not use an Shared cache.
[2018.07.10-00.08.22:084][  0]LogDerivedDataCache: Unable to find inner node Shared for hierarchical cache Hierarchy.
[2018.07.10-00.08.22:092][  0]LogMaterial: Verifying Global Shaders for PCD3D_SM5
[2018.07.10-00.08.22:093][  0]LogSlate: Using Freetype 2.6.0
[2018.07.10-00.08.22:093][  0]LogSlate: SlateFontCache - WITH_FREETYPE: 1, WITH_HARFBUZZ: 1
[2018.07.10-00.08.22:093][  0]LogSlate: SlateFontCache - WITH_FREETYPE: 1, WITH_HARFBUZZ: 1
[2018.07.10-00.08.22:166][  0]LogAssetRegistry: FAssetRegistry took 0.0246 seconds to start up
[2018.07.10-00.08.22:370][  0]LogInit: Selected Device Profile: [Windows]
[2018.07.10-00.08.22:466][  0]LogSimplygon: Simplygon DLL not present - disabling.
[2018.07.10-00.08.22:467][  0]LogMeshReduction: Using SimplygonSwarm for distributed automatic mesh merging
[2018.07.10-00.08.22:467][  0]LogMeshReduction: Using QuadricMeshReduction for automatic static mesh reduction
[2018.07.10-00.08.22:467][  0]LogMeshReduction: No automatic skeletal mesh reduction module available
[2018.07.10-00.08.22:467][  0]LogMeshReduction: No automatic mesh merging module available
[2018.07.10-00.08.22:467][  0]LogMeshMerging: No automatic mesh merging module available
[2018.07.10-00.08.22:484][  0]LogNetVersion: BattleTank , NetCL: 3944462, EngineNetVer: 2, GameNetVer: 0 (Checksum: 612388110)
[2018.07.10-00.08.22:748][  0]LogPackageLocalizationCache: Processed 8 localized package path(s) for 2 prioritized culture(s) in 0.025105 seconds
[2018.07.10-00.08.22:751][  0]LogUObjectArray: 36698 objects as part of root set at end of initial load.
[2018.07.10-00.08.22:751][  0]LogUObjectAllocator: 7308608 out of 0 bytes used by permanent object pool.
[2018.07.10-00.08.22:751][  0]LogUObjectArray: CloseDisregardForGC: 0/0 objects in disregard for GC pool
[2018.07.10-00.08.23:850][  0]LogTcpMessaging: Initializing TcpMessaging bridge
[2018.07.10-00.08.23:869][  0]LogUdpMessaging: Initializing bridge on interface 0.0.0.0:0 to multicast group 230.0.0.1:6666.
[2018.07.10-00.08.24:065][  0]SourceControl: Source control is disabled
[2018.07.10-00.08.24:065][  0]SourceControl: Source control is disabled
[2018.07.10-00.08.24:072][  0]SourceControl: Source control is disabled
[2018.07.10-00.08.24:079][  0]SourceControl: Source control is disabled
[2018.07.10-00.08.24:337][  0]LogAndroidPermission: UAndroidPermissionCallbackProxy::GetInstance
[2018.07.10-00.08.24:405][  0]LogOcInput: OculusInput pre-init called
[2018.07.10-00.08.24:457][  0]LogEngine: Initializing Engine...
[2018.07.10-00.08.24:458][  0]LogStats: UGameplayTagsManager::ConstructGameplayTagTree: Construct from data asset -  0.000 s
[2018.07.10-00.08.24:458][  0]LogStats: UGameplayTagsManager::ConstructGameplayTagTree: GameplayTagTreeChangedEvent.Broadcast -  0.000 s
[2018.07.10-00.08.24:618][  0]LogAIModule: Creating AISystem for world Untitled
[2018.07.10-00.08.24:678][  0]LogInit: XAudio2 using 'Speakers (ASUS ROG Spitfire)' : 2 channels at 48 kHz using 16 bits per sample (channel mask 0x3)
[2018.07.10-00.08.24:686][  0]LogInit: FAudioDevice initialized.
[2018.07.10-00.08.24:754][  0]LogDerivedDataCache: Saved boot cache 0.07s 74MB C:/Users/morga/AppData/Local/UnrealEngine/4.19/DerivedDataCache/Boot.ddc.
[2018.07.10-00.08.24:758][  0]LogInit: Texture streaming: Enabled
[2018.07.10-00.08.24:768][  0]LogEngineSessionManager: EngineSessionManager initialized
[2018.07.10-00.08.24:777][  0]LogInit: Transaction tracking system initialized
[2018.07.10-00.08.24:790][  0]BlueprintLog: New page: Editor Load
[2018.07.10-00.08.24:835][  0]LocalizationService: Localization service is disabled
[2018.07.10-00.08.24:899][  0]LogConsoleResponse: Display: 
[2018.07.10-00.08.24:995][  0]LogCook: Display: Max memory allowance for cook 16384mb min free memory 0mb
[2018.07.10-00.08.24:995][  0]LogCook: Display: Mobile HDR setting 1
[2018.07.10-00.08.24:995][  0]LogGameplayTags: Display: UGameplayTagsManager::DoneAddingNativeTags. DelegateIsBound: 0
[2018.07.10-00.08.24:995][  0]LogStats: UGameplayTagsManager::ConstructGameplayTagTree: Construct from data asset -  0.000 s
[2018.07.10-00.08.24:995][  0]LogStats: UGameplayTagsManager::ConstructGameplayTagTree: GameplayTagTreeChangedEvent.Broadcast -  0.000 s
[2018.07.10-00.08.25:164][  0]LogFileCache: Scanning file cache for directory 'N:/Programming/Unreal/02_battleTank/BattleTank/Content/' took 0.01s
[2018.07.10-00.08.25:164][  0]SourceControl: Source control is disabled
[2018.07.10-00.08.25:164][  0]Cmd: MAP LOAD FILE="../../../../../../Programming/Unreal/02_battleTank/BattleTank/Content/_Levels/BattleGround.umap" TEMPLATE=0 SHOWPROGRESS=1 FEATURELEVEL=3
[2018.07.10-00.08.25:164][  0]LightingResults: New page: Lighting Build
[2018.07.10-00.08.25:165][  0]MapCheck: New page: Map Check
[2018.07.10-00.08.25:165][  0]LightingResults: New page: Lighting Build
[2018.07.10-00.08.25:242][  0]LogUObjectGlobals: Created PersistentFrame Addr=0x00000230948768c0, Size=24, Default__TankPlayerController_BP_C Function /Game/Blueprints/TankPlayerController_BP.TankPlayerController_BP_C:ExecuteUbergraph_TankPlayerController_BP
[2018.07.10-00.08.25:244][  0]LogUObjectGlobals: Destroyed PersistentFrame Addr=0x00000230948768c0, Size=24
[2018.07.10-00.08.25:244][  0]LogUObjectGlobals: Created PersistentFrame Addr=0x00000230948768c0, Size=24, Default__TankPlayerController_BP_C Function /Engine/Transient.REINST_TankPlayerController_BP_C_6:ExecuteUbergraph_TankPlayerController_BP
[2018.07.10-00.08.25:245][  0]LogUObjectGlobals: Created PersistentFrame Addr=0x00000230948755a0, Size=24, Default__TankPlayerController_BP_C Function /Game/Blueprints/TankPlayerController_BP.TankPlayerController_BP_C:ExecuteUbergraph_TankPlayerController_BP
[2018.07.10-00.08.25:271][  0]LogUObjectGlobals: Created PersistentFrame Addr=0x000002309433cdc8, Size=4, Default__SprungWheel_BP_C Function /Game/Tank/SprungWheel_BP.SprungWheel_BP_C:ExecuteUbergraph_SprungWheel_BP
[2018.07.10-00.08.25:272][  0]LogUObjectGlobals: Destroyed PersistentFrame Addr=0x000002309433cdc8, Size=4
[2018.07.10-00.08.25:272][  0]LogUObjectGlobals: Created PersistentFrame Addr=0x000002309433cdc8, Size=4, Default__SprungWheel_BP_C Function /Engine/Transient.REINST_SprungWheel_BP_C_9:ExecuteUbergraph_SprungWheel_BP
[2018.07.10-00.08.25:273][  0]LogUObjectGlobals: Created PersistentFrame Addr=0x000002309433cd10, Size=4, Default__SprungWheel_BP_C Function /Game/Tank/SprungWheel_BP.SprungWheel_BP_C:ExecuteUbergraph_SprungWheel_BP
[2018.07.10-00.08.25:284][  0]LogUObjectGlobals: Created PersistentFrame Addr=0x0000023097674800, Size=424, Default__Tank_BP_C Function /Game/Tank/Tank_BP.Tank_BP_C:ExecuteUbergraph_Tank_BP
[2018.07.10-00.08.25:288][  0]LogUObjectGlobals: Destroyed PersistentFrame Addr=0x0000023097674800, Size=424
[2018.07.10-00.08.25:288][  0]LogUObjectGlobals: Created PersistentFrame Addr=0x000002309827bac0, Size=424, Default__Tank_BP_C Function /Engine/Transient.REINST_Tank_BP_C_12:ExecuteUbergraph_Tank_BP
[2018.07.10-00.08.25:292][  0]LogUObjectGlobals: Created PersistentFrame Addr=0x000002309827acc0, Size=424, Default__Tank_BP_C Function /Game/Tank/Tank_BP.Tank_BP_C:ExecuteUbergraph_Tank_BP
[2018.07.10-00.08.25:302][  0]LogUObjectGlobals: Created PersistentFrame Addr=0x000002309433ca18, Size=4, Default__Mortar_BP_C Function /Game/Mortar/Mortar_BP.Mortar_BP_C:ExecuteUbergraph_Mortar_BP
[2018.07.10-00.08.25:304][  0]LogUObjectGlobals: Destroyed PersistentFrame Addr=0x000002309433ca18, Size=4
[2018.07.10-00.08.25:304][  0]LogUObjectGlobals: Created PersistentFrame Addr=0x000002309433ca18, Size=4, Default__Mortar_BP_C Function /Engine/Transient.REINST_Mortar_BP_C_16:ExecuteUbergraph_Mortar_BP
[2018.07.10-00.08.25:304][  0]LogUObjectGlobals: Created PersistentFrame Addr=0x000002309433c240, Size=4, Default__Mortar_BP_C Function /Game/Mortar/Mortar_BP.Mortar_BP_C:ExecuteUbergraph_Mortar_BP
[2018.07.10-00.08.25:313][  0]LogUObjectGlobals: Created PersistentFrame Addr=0x00000230975f67c8, Size=40, Default__BattleGround_C Function /Game/_Levels/BattleGround.BattleGround_C:ExecuteUbergraph_BattleGround
[2018.07.10-00.08.25:313][  0]LogUObjectGlobals: Destroyed PersistentFrame Addr=0x00000230975f67c8, Size=40
[2018.07.10-00.08.25:313][  0]LogUObjectGlobals: Created PersistentFrame Addr=0x00000230975f67c8, Size=40, Default__BattleGround_C Function /Engine/Transient.REINST_BattleGround_C_18:ExecuteUbergraph_BattleGround
[2018.07.10-00.08.25:314][  0]LogUObjectGlobals: Created PersistentFrame Addr=0x00000230975f6728, Size=40, Default__BattleGround_C Function /Game/_Levels/BattleGround.BattleGround_C:ExecuteUbergraph_BattleGround
[2018.07.10-00.08.25:524][  0]LogAIModule: Creating AISystem for world BattleGround
[2018.07.10-00.08.25:546][  0]LogEditorServer: Finished looking for orphan Actors (0.000 secs)
[2018.07.10-00.08.25:560][  0]LogUObjectGlobals: Destroyed PersistentFrame Addr=0x00000230948768c0, Size=24
[2018.07.10-00.08.25:560][  0]LogUObjectGlobals: Destroyed PersistentFrame Addr=0x000002309433cdc8, Size=4
[2018.07.10-00.08.25:560][  0]LogUObjectGlobals: Destroyed PersistentFrame Addr=0x000002309827bac0, Size=424
[2018.07.10-00.08.25:560][  0]LogUObjectGlobals: Destroyed PersistentFrame Addr=0x000002309433ca18, Size=4
[2018.07.10-00.08.25:560][  0]LogUObjectGlobals: Destroyed PersistentFrame Addr=0x00000230975f67c8, Size=40
[2018.07.10-00.08.25:561][  0]Cmd: MAP CHECKDEP NOCLEARLOG
[2018.07.10-00.08.25:584][  0]MapCheck: Map check complete: 0 Error(s), 0 Warning(s), took 24.332ms to complete.
[2018.07.10-00.08.25:584][  0]LogFileHelpers: Loading map 'BattleGround' took 0.422
[2018.07.10-00.08.25:691][  0]LogCollectionManager: Loaded 0 collections in 0.000881 seconds
[2018.07.10-00.08.25:728][  0]LogFileCache: Scanning file cache for directory 'N:/Programming/Unreal/02_battleTank/BattleTank/Saved/Collections/' took 0.01s
[2018.07.10-00.08.25:728][  0]LogFileCache: Scanning file cache for directory 'N:/Programming/Unreal/02_battleTank/BattleTank/Content/Developers/morga/Collections/' took 0.01s
[2018.07.10-00.08.25:728][  0]LogFileCache: Scanning file cache for directory 'N:/Programming/Unreal/02_battleTank/BattleTank/Content/Collections/' took 0.01s
[2018.07.10-00.08.25:728][  0]LogCollectionManager: Rebuilt the GUID cache for 0 collections in 0.000001 seconds
[2018.07.10-00.08.25:735][  0]LogContentBrowser: Native class hierarchy populated in 0.0068 seconds. Added 2462 classes and 558 folders.
[2018.07.10-00.08.25:741][  0]LogContentBrowser: Native class hierarchy updated for 'WidgetCarousel' in 0.0004 seconds. Added 0 classes and 0 folders.
[2018.07.10-00.08.25:762][  0]LogContentBrowser: Native class hierarchy updated for 'AddContentDialog' in 0.0004 seconds. Added 0 classes and 0 folders.
[2018.07.10-00.08.25:777][  0]LogSlate: Took 0.000172 seconds to synchronously load lazily loaded font '../../../Engine/Content/Slate/Fonts/Roboto-Regular.ttf' (155K)
[2018.07.10-00.08.25:780][  0]LogSlate: Took 0.000097 seconds to synchronously load lazily loaded font '../../../Engine/Content/Slate/Fonts/Roboto-Bold.ttf' (160K)
[2018.07.10-00.08.25:782][  0]LogSlate: Took 0.000080 seconds to synchronously load lazily loaded font '../../../Engine/Content/Editor/Slate/Fonts/FontAwesome.ttf' (139K)
[2018.07.10-00.08.25:846][  0]LogRenderer: Reallocating scene render targets to support 1576x900 Format 10 NumSamples 1 (Frame:1).
[2018.07.10-00.08.26:013][  0]LogContentBrowser: Native class hierarchy updated for 'HierarchicalLODOutliner' in 0.0004 seconds. Added 0 classes and 0 folders.
[2018.07.10-00.08.26:013][  0]LogLoad: (Engine Initialization) Total time: 7.16 seconds
[2018.07.10-00.08.26:013][  0]LogLoad: (Engine Initialization) Total Blueprint compile time: 0.00 seconds
[2018.07.10-00.08.26:022][  0]LogWindowsTextInputMethodSystem: Display: IME system now deactivated.
[2018.07.10-00.08.26:036][  0]LogAssetRegistry: Asset discovery search completed in 3.8925 seconds
[2018.07.10-00.08.26:037][  0]LogCollectionManager: Rebuilt the object cache for 0 collections in 0.000000 seconds (found 0 objects)
[2018.07.10-00.08.26:037][  0]LogCollectionManager: Fixed up redirectors for 0 collections in 0.000045 seconds (updated 0 objects)
[2018.07.10-00.08.26:040][  0]LogContentStreaming: Texture pool size now 1000 MB
[2018.07.10-00.08.27:037][109]LogSlate: Took 0.000136 seconds to synchronously load lazily loaded font '../../../Engine/Content/Slate/Fonts/Roboto-Light.ttf' (167K)
[2018.07.10-00.08.28:814][321]LogSlate: FSceneViewport::OnFocusLost() reason 0
[2018.07.10-00.08.29:122][333]LogContentBrowser: Native class hierarchy updated for 'BlueprintGraph' in 0.0008 seconds. Added 116 classes and 0 folders.
[2018.07.10-00.08.29:328][333]LogUObjectGlobals: Created PersistentFrame Addr=0x00000230a75fc758, Size=4, Default__SKEL_PROTO_BP_AnimBlueprint_0_C Function /Engine/Transient.SKEL_PROTO_BP_AnimBlueprint_0_C:ExecuteUbergraph_PROTO_BP_AnimBlueprint_0
[2018.07.10-00.08.29:329][333]LogUObjectGlobals: Created PersistentFrame Addr=0x00000230a75fc750, Size=4, Default__PROTO_BP_AnimBlueprint_0_C Function /Engine/Transient.PROTO_BP_AnimBlueprint_0_C:ExecuteUbergraph_PROTO_BP_AnimBlueprint_0
[2018.07.10-00.08.29:613][333]LogSlate: Took 0.000118 seconds to synchronously load lazily loaded font '../../../Engine/Content/Slate/Fonts/Roboto-BoldCondensed.ttf' (158K)
[2018.07.10-00.08.29:741][344]LogSlate: Took 0.000121 seconds to synchronously load lazily loaded font '../../../Engine/Content/Slate/Fonts/Roboto-Italic.ttf' (157K)
[2018.07.10-00.09.28:812][679]BlueprintLog: New page: Compile SprungWheel_BP
[2018.07.10-00.09.28:816][679]LogUObjectGlobals: Destroyed PersistentFrame Addr=0x000002309433cd10, Size=4
[2018.07.10-00.09.28:816][679]LogUObjectGlobals: Created PersistentFrame Addr=0x00000230b61cbd20, Size=4, Default__SprungWheel_BP_C Function /Engine/Transient.REINST_SprungWheel_BP_C_34:ExecuteUbergraph_SprungWheel_BP
[2018.07.10-00.09.28:817][679]LogUObjectGlobals: Created PersistentFrame Addr=0x00000230b61c8a50, Size=4, Default__SprungWheel_BP_C Function /Game/Tank/SprungWheel_BP.SprungWheel_BP_C:ExecuteUbergraph_SprungWheel_BP
[2018.07.10-00.09.29:726][768]Cmd: OBJ SAVEPACKAGE PACKAGE="/Game/Tank/SprungWheel_BP" FILE="../../../../../../Programming/Unreal/02_battleTank/BattleTank/Content/Tank/SprungWheel_BP.uasset" SILENT=true
[2018.07.10-00.09.29:755][768]LogSavePackage: Save=26.88ms
[2018.07.10-00.09.29:755][768]LogSavePackage: Moving '../../../../../../Programming/Unreal/02_battleTank/BattleTank/Saved/SprungWheel_BP5D000FF942CE454EA55B7C8FD62B2020.tmp' to '../../../../../../Programming/Unreal/02_battleTank/BattleTank/Content/Tank/SprungWheel_BP.uasset'
[2018.07.10-00.09.29:756][768]LogSavePackage: Display: Finished SavePackage ../../../../../../Programming/Unreal/02_battleTank/BattleTank/Content/Tank/SprungWheel_BP.uasset
[2018.07.10-00.09.47:126][830]BlueprintLog: New page: Compile SprungWheel_BP
[2018.07.10-00.09.47:130][830]LogUObjectGlobals: Destroyed PersistentFrame Addr=0x00000230b61c8a50, Size=4
[2018.07.10-00.09.47:130][830]LogUObjectGlobals: Created PersistentFrame Addr=0x00000230d8dccfd0, Size=4, SprungWheel_BP_C_1 Function /Engine/Transient.REINST_SprungWheel_BP_C_38:ExecuteUbergraph_SprungWheel_BP
[2018.07.10-00.09.47:131][830]LogUObjectGlobals: Created PersistentFrame Addr=0x00000230d8dccc48, Size=8, Default__SprungWheel_BP_C Function /Game/Tank/SprungWheel_BP.SprungWheel_BP_C:ExecuteUbergraph_SprungWheel_BP
[2018.07.10-00.09.47:737][887]Cmd: OBJ SAVEPACKAGE PACKAGE="/Game/Tank/SprungWheel_BP" FILE="../../../../../../Programming/Unreal/02_battleTank/BattleTank/Content/Tank/SprungWheel_BP.uasset" SILENT=true
[2018.07.10-00.09.47:745][887]LogSavePackage: Save=6.22ms
[2018.07.10-00.09.47:745][887]LogSavePackage: Moving '../../../../../../Programming/Unreal/02_battleTank/BattleTank/Saved/SprungWheel_BP031540CA4668AF0B1692A99868E1328E.tmp' to '../../../../../../Programming/Unreal/02_battleTank/BattleTank/Content/Tank/SprungWheel_BP.uasset'
[2018.07.10-00.09.47:746][887]LogSavePackage: Display: Finished SavePackage ../../../../../../Programming/Unreal/02_battleTank/BattleTank/Content/Tank/SprungWheel_BP.uasset
[2018.07.10-00.09.48:996][ 37]LogTemp: Repeating last play command: Selected Viewport
[2018.07.10-00.09.49:007][ 37]LogBlueprintUserMessages: Early PlayInEditor Detection: Level '/Game/_Levels/BattleGround.BattleGround:PersistentLevel' has LevelScriptBlueprint '/Game/_Levels/BattleGround.BattleGround:PersistentLevel.BattleGround' with GeneratedClass '/Game/_Levels/BattleGround.BattleGround_C' with ClassGeneratedBy '/Game/_Levels/BattleGround.BattleGround:PersistentLevel.BattleGround'
[2018.07.10-00.09.49:008][ 37]LogPlayLevel: PlayLevel: No blueprints needed recompiling
[2018.07.10-00.09.49:008][ 37]PIE: New page: PIE session: BattleGround (10 Jul 2018 04:09:49)
[2018.07.10-00.09.49:008][ 37]LogPlayLevel: Creating play world package: /Game/_Levels/UEDPIE_0_BattleGround
[2018.07.10-00.09.49:079][ 37]LogPlayLevel: PIE: StaticDuplicateObject took: (0.070636s)
[2018.07.10-00.09.49:080][ 37]LogAIModule: Creating AISystem for world BattleGround
[2018.07.10-00.09.49:080][ 37]LogPlayLevel: PIE: World Init took: (0.000905s)
[2018.07.10-00.09.49:080][ 37]LogPlayLevel: PIE: Created PIE world by copying editor world from /Game/_Levels/BattleGround.BattleGround to /Game/_Levels/UEDPIE_0_BattleGround.BattleGround (0.071743s)
[2018.07.10-00.09.49:092][ 37]LogUObjectGlobals: Destroyed PersistentFrame Addr=0x00000230d8dccfd0, Size=4
[2018.07.10-00.09.49:096][ 37]LogInit: XAudio2 using 'Speakers (ASUS ROG Spitfire)' : 2 channels at 48 kHz using 16 bits per sample (channel mask 0x3)
[2018.07.10-00.09.49:102][ 37]LogInit: FAudioDevice initialized.
[2018.07.10-00.09.49:154][ 37]LogLoad: Game class is 'BattleTankGameMode_BP_C'
[2018.07.10-00.09.49:160][ 37]LogWorld: Bringing World /Game/_Levels/UEDPIE_0_BattleGround.BattleGround up for play (max tick rate 0) at 2018.07.10-02.09.49
[2018.07.10-00.09.49:176][ 37]LogWorld: Bringing up level for play took: 0.019809
[2018.07.10-00.09.49:180][ 37]LogContentBrowser: Native class hierarchy updated for 'MovieSceneCapture' in 0.0005 seconds. Added 11 classes and 0 folders.
[2018.07.10-00.09.49:180][ 37]LogGameMode: Display: Match State Changed from EnteringMap to WaitingToStart
[2018.07.10-00.09.49:180][ 37]LogGameState: Match State Changed from EnteringMap to WaitingToStart
[2018.07.10-00.09.49:180][ 37]LogGameMode: Display: Match State Changed from WaitingToStart to InProgress
[2018.07.10-00.09.49:181][ 37]PIE: Warning: Invalid Simulate Options: Body (SprungWheel_BP_C_0.Axel) is set to simulate physics but Collision Enabled is incompatible
[2018.07.10-00.09.49:181][ 37]PIE: Warning: Constraint '/Game/_Levels/UEDPIE_0_BattleGround.BattleGround:PersistentLevel.SprungWheel_BP_C_0.Mass Wheel Constraint' attempting to create a joint between two actors in different scenes ( '/Game/_Levels/UEDPIE_0_BattleGround.BattleGround:PersistentLevel.Tank_BP_54.Tank' and 'None' ).  No joint created.
[2018.07.10-00.09.49:181][ 37]PIE: Warning: Constraint '/Game/_Levels/UEDPIE_0_BattleGround.BattleGround:PersistentLevel.SprungWheel_BP_C_0.Axle Wheel Constraint' attempting to create a joint between two actors in different scenes ( 'None' and '/Game/_Levels/UEDPIE_0_BattleGround.BattleGround:PersistentLevel.SprungWheel_BP_C_0.Wheel' ).  No joint created.
[2018.07.10-00.09.49:182][ 37]PIE: Warning: Invalid Simulate Options: Body (SprungWheel_BP_C_1.Axel) is set to simulate physics but Collision Enabled is incompatible
[2018.07.10-00.09.49:182][ 37]PIE: Warning: Constraint '/Game/_Levels/UEDPIE_0_BattleGround.BattleGround:PersistentLevel.SprungWheel_BP_C_1.Mass Wheel Constraint' attempting to create a joint between two actors in different scenes ( '/Game/_Levels/UEDPIE_0_BattleGround.BattleGround:PersistentLevel.Tank_BP_54.Tank' and 'None' ).  No joint created.
[2018.07.10-00.09.49:182][ 37]PIE: Warning: Constraint '/Game/_Levels/UEDPIE_0_BattleGround.BattleGround:PersistentLevel.SprungWheel_BP_C_1.Axle Wheel Constraint' attempting to create a joint between two actors in different scenes ( 'None' and '/Game/_Levels/UEDPIE_0_BattleGround.BattleGround:PersistentLevel.SprungWheel_BP_C_1.Wheel' ).  No joint created.
[2018.07.10-00.09.49:182][ 37]PIE: Warning: Invalid Simulate Options: Body (SprungWheel_BP_C_2.Axel) is set to simulate physics but Collision Enabled is incompatible
[2018.07.10-00.09.49:182][ 37]PIE: Warning: Constraint '/Game/_Levels/UEDPIE_0_BattleGround.BattleGround:PersistentLevel.SprungWheel_BP_C_2.Mass Wheel Constraint' attempting to create a joint between two actors in different scenes ( '/Game/_Levels/UEDPIE_0_BattleGround.BattleGround:PersistentLevel.Tank_BP_54.Tank' and 'None' ).  No joint created.
[2018.07.10-00.09.49:182][ 37]PIE: Warning: Constraint '/Game/_Levels/UEDPIE_0_BattleGround.BattleGround:PersistentLevel.SprungWheel_BP_C_2.Axle Wheel Constraint' attempting to create a joint between two actors in different scenes ( 'None' and '/Game/_Levels/UEDPIE_0_BattleGround.BattleGround:PersistentLevel.SprungWheel_BP_C_2.Wheel' ).  No joint created.
[2018.07.10-00.09.49:182][ 37]PIE: Warning: Invalid Simulate Options: Body (SprungWheel_BP_C_3.Axel) is set to simulate physics but Collision Enabled is incompatible
[2018.07.10-00.09.49:182][ 37]PIE: Warning: Constraint '/Game/_Levels/UEDPIE_0_BattleGround.BattleGround:PersistentLevel.SprungWheel_BP_C_3.Mass Wheel Constraint' attempting to create a joint between two actors in different scenes ( '/Game/_Levels/UEDPIE_0_BattleGround.BattleGround:PersistentLevel.Tank_BP_54.Tank' and 'None' ).  No joint created.
[2018.07.10-00.09.49:182][ 37]PIE: Warning: Constraint '/Game/_Levels/UEDPIE_0_BattleGround.BattleGround:PersistentLevel.SprungWheel_BP_C_3.Axle Wheel Constraint' attempting to create a joint between two actors in different scenes ( 'None' and '/Game/_Levels/UEDPIE_0_BattleGround.BattleGround:PersistentLevel.SprungWheel_BP_C_3.Wheel' ).  No joint created.
[2018.07.10-00.09.49:183][ 37]PIE: Warning: Invalid Simulate Options: Body (SprungWheel_BP_C_4.Axel) is set to simulate physics but Collision Enabled is incompatible
[2018.07.10-00.09.49:183][ 37]PIE: Warning: Constraint '/Game/_Levels/UEDPIE_0_BattleGround.BattleGround:PersistentLevel.SprungWheel_BP_C_4.Mass Wheel Constraint' attempting to create a joint between two actors in different scenes ( '/Game/_Levels/UEDPIE_0_BattleGround.BattleGround:PersistentLevel.Tank_BP_C_0.Tank' and 'None' ).  No joint created.
[2018.07.10-00.09.49:183][ 37]PIE: Warning: Constraint '/Game/_Levels/UEDPIE_0_BattleGround.BattleGround:PersistentLevel.SprungWheel_BP_C_4.Axle Wheel Constraint' attempting to create a joint between two actors in different scenes ( 'None' and '/Game/_Levels/UEDPIE_0_BattleGround.BattleGround:PersistentLevel.SprungWheel_BP_C_4.Wheel' ).  No joint created.
[2018.07.10-00.09.49:183][ 37]PIE: Warning: Invalid Simulate Options: Body (SprungWheel_BP_C_5.Axel) is set to simulate physics but Collision Enabled is incompatible
[2018.07.10-00.09.49:183][ 37]PIE: Warning: Constraint '/Game/_Levels/UEDPIE_0_BattleGround.BattleGround:PersistentLevel.SprungWheel_BP_C_5.Mass Wheel Constraint' attempting to create a joint between two actors in different scenes ( '/Game/_Levels/UEDPIE_0_BattleGround.BattleGround:PersistentLevel.Tank_BP_C_0.Tank' and 'None' ).  No joint created.
[2018.07.10-00.09.49:183][ 37]PIE: Warning: Constraint '/Game/_Levels/UEDPIE_0_BattleGround.BattleGround:PersistentLevel.SprungWheel_BP_C_5.Axle Wheel Constraint' attempting to create a joint between two actors in different scenes ( 'None' and '/Game/_Levels/UEDPIE_0_BattleGround.BattleGround:PersistentLevel.SprungWheel_BP_C_5.Wheel' ).  No joint created.
[2018.07.10-00.09.49:183][ 37]PIE: Warning: Invalid Simulate Options: Body (SprungWheel_BP_C_6.Axel) is set to simulate physics but Collision Enabled is incompatible
[2018.07.10-00.09.49:183][ 37]PIE: Warning: Constraint '/Game/_Levels/UEDPIE_0_BattleGround.BattleGround:PersistentLevel.SprungWheel_BP_C_6.Mass Wheel Constraint' attempting to create a joint between two actors in different scenes ( '/Game/_Levels/UEDPIE_0_BattleGround.BattleGround:PersistentLevel.Tank_BP_C_0.Tank' and 'None' ).  No joint created.
[2018.07.10-00.09.49:183][ 37]PIE: Warning: Constraint '/Game/_Levels/UEDPIE_0_BattleGround.BattleGround:PersistentLevel.SprungWheel_BP_C_6.Axle Wheel Constraint' attempting to create a joint between two actors in different scenes ( 'None' and '/Game/_Levels/UEDPIE_0_BattleGround.BattleGround:PersistentLevel.SprungWheel_BP_C_6.Wheel' ).  No joint created.
[2018.07.10-00.09.49:184][ 37]PIE: Warning: Invalid Simulate Options: Body (SprungWheel_BP_C_7.Axel) is set to simulate physics but Collision Enabled is incompatible
[2018.07.10-00.09.49:184][ 37]PIE: Warning: Constraint '/Game/_Levels/UEDPIE_0_BattleGround.BattleGround:PersistentLevel.SprungWheel_BP_C_7.Mass Wheel Constraint' attempting to create a joint between two actors in different scenes ( '/Game/_Levels/UEDPIE_0_BattleGround.BattleGround:PersistentLevel.Tank_BP_C_0.Tank' and 'None' ).  No joint created.
[2018.07.10-00.09.49:184][ 37]PIE: Warning: Constraint '/Game/_Levels/UEDPIE_0_BattleGround.BattleGround:PersistentLevel.SprungWheel_BP_C_7.Axle Wheel Constraint' attempting to create a joint between two actors in different scenes ( 'None' and '/Game/_Levels/UEDPIE_0_BattleGround.BattleGround:PersistentLevel.SprungWheel_BP_C_7.Wheel' ).  No joint created.
[2018.07.10-00.09.49:184][ 37]LogGameState: Match State Changed from WaitingToStart to InProgress
[2018.07.10-00.09.49:185][ 37]PIE: Play in editor start time for /Game/_Levels/UEDPIE_0_BattleGround 0.639
[2018.07.10-00.09.49:185][ 37]LogBlueprintUserMessages: Late PlayInEditor Detection: Level '/Game/_Levels/BattleGround.BattleGround:PersistentLevel' has LevelScriptBlueprint '/Game/_Levels/BattleGround.BattleGround:PersistentLevel.BattleGround' with GeneratedClass '/Game/_Levels/BattleGround.BattleGround_C' with ClassGeneratedBy '/Game/_Levels/BattleGround.BattleGround:PersistentLevel.BattleGround'
[2018.07.10-00.09.54:209][626]LogBlueprintUserMessages: Early EndPlayMap Detection: Level '/Game/_Levels/BattleGround.BattleGround:PersistentLevel' has LevelScriptBlueprint '/Game/_Levels/BattleGround.BattleGround:PersistentLevel.BattleGround' with GeneratedClass '/Game/_Levels/BattleGround.BattleGround_C' with ClassGeneratedBy '/Game/_Levels/BattleGround.BattleGround:PersistentLevel.BattleGround'
[2018.07.10-00.09.54:220][626]LogSlate: Window 'BattleTank Game Preview Standalone (64-bit/PCD3D_SM5)' being destroyed
[2018.07.10-00.09.54:260][626]LogBlueprintUserMessages: Late EndPlayMap Detection: Level '/Game/_Levels/BattleGround.BattleGround:PersistentLevel' has LevelScriptBlueprint '/Game/_Levels/BattleGround.BattleGround:PersistentLevel.BattleGround' with GeneratedClass '/Game/_Levels/BattleGround.BattleGround_C' with ClassGeneratedBy '/Game/_Levels/BattleGround.BattleGround:PersistentLevel.BattleGround'
[2018.07.10-00.10.00:614][383]BlueprintLog: New page: Compile SprungWheel_BP
[2018.07.10-00.10.00:617][383]LogUObjectGlobals: Destroyed PersistentFrame Addr=0x00000230d8dccc48, Size=8
[2018.07.10-00.10.00:617][383]LogUObjectGlobals: Created PersistentFrame Addr=0x0000023101752c08, Size=8, SprungWheel_BP_C_2 Function /Engine/Transient.REINST_SprungWheel_BP_C_42:ExecuteUbergraph_SprungWheel_BP
[2018.07.10-00.10.00:618][383]LogUObjectGlobals: Created PersistentFrame Addr=0x0000023101752610, Size=4, Default__SprungWheel_BP_C Function /Game/Tank/SprungWheel_BP.SprungWheel_BP_C:ExecuteUbergraph_SprungWheel_BP
[2018.07.10-00.10.00:882][399]Cmd: OBJ SAVEPACKAGE PACKAGE="/Game/Tank/SprungWheel_BP" FILE="../../../../../../Programming/Unreal/02_battleTank/BattleTank/Content/Tank/SprungWheel_BP.uasset" SILENT=true
[2018.07.10-00.10.00:890][399]LogSavePackage: Save=6.26ms
[2018.07.10-00.10.00:890][399]LogSavePackage: Moving '../../../../../../Programming/Unreal/02_battleTank/BattleTank/Saved/SprungWheel_BP76D487C348186B127E7800BE93CB34F2.tmp' to '../../../../../../Programming/Unreal/02_battleTank/BattleTank/Content/Tank/SprungWheel_BP.uasset'
[2018.07.10-00.10.00:892][399]LogSavePackage: Display: Finished SavePackage ../../../../../../Programming/Unreal/02_battleTank/BattleTank/Content/Tank/SprungWheel_BP.uasset
[2018.07.10-00.10.03:781][741]LogUObjectGlobals: Destroyed PersistentFrame Addr=0x0000023101752c08, Size=8
[2018.07.10-00.10.35:993][979]LogHotReload: New module detected: UE4Editor-BattleTank-8103.dll
[2018.07.10-00.10.36:672][982]LogHotReload: Starting Hot-Reload from IDE
[2018.07.10-00.10.36:732][982]LogClass: EFiringState HotReload.
[2018.07.10-00.10.36:736][982]LogContentBrowser: Native class hierarchy updated for 'BattleTank' in 0.0005 seconds. Added 12 classes and 3 folders.
[2018.07.10-00.10.36:738][982]Display: HotReload successful (12 functions remapped  0 scriptstructs remapped)
[2018.07.10-00.10.37:071][982]LogContentBrowser: Native class hierarchy populated in 0.0069 seconds. Added 2462 classes and 558 folders.
[2018.07.10-00.10.37:075][982]Display: HotReload took  0.4s.
[2018.07.10-00.10.41:860][996]LogSlate: Window 'BattleTank - Unreal Editor' being destroyed
[2018.07.10-00.10.41:860][996]LogWindowsTextInputMethodSystem: Display: IME system now deactivated.
[2018.07.10-00.10.42:029][997]Cmd: QUIT_EDITOR
[2018.07.10-00.10.42:982][997]LogSlate: Slate User Destroyed.  User Index 0, Is Virtual User: 0
[2018.07.10-00.10.42:982][997]LogExit: Preparing to exit.
[2018.07.10-00.10.43:960][997]LogDirectoryWatcher: A directory notification for 'N:/Programming/Unreal/02_battleTank/BattleTank/Content/' was aborted.
[2018.07.10-00.10.43:988][997]LogExit: Editor shut down
[2018.07.10-00.10.43:990][997]LogExit: Transaction tracking system shut down
[2018.07.10-00.10.43:991][997]LogUObjectGlobals: Destroyed PersistentFrame Addr=0x00000230948755a0, Size=24
[2018.07.10-00.10.43:991][997]LogUObjectGlobals: Destroyed PersistentFrame Addr=0x00000230b61cbd20, Size=4
[2018.07.10-00.10.43:992][997]LogUObjectGlobals: Destroyed PersistentFrame Addr=0x000002309827acc0, Size=424
[2018.07.10-00.10.43:992][997]LogUObjectGlobals: Destroyed PersistentFrame Addr=0x000002309433c240, Size=4
[2018.07.10-00.10.43:992][997]LogUObjectGlobals: Destroyed PersistentFrame Addr=0x00000230975f6728, Size=40
[2018.07.10-00.10.43:993][997]LogUObjectGlobals: Destroyed PersistentFrame Addr=0x0000023101752610, Size=4
[2018.07.10-00.10.43:993][997]LogUObjectGlobals: Destroyed PersistentFrame Addr=0x00000230a75fc758, Size=4
[2018.07.10-00.10.43:993][997]LogUObjectGlobals: Destroyed PersistentFrame Addr=0x00000230a75fc750, Size=4
[2018.07.10-00.10.44:056][997]LogDirectoryWatcher: A directory notification for '../../../Engine/Content/' was aborted.
[2018.07.10-00.10.44:056][997]LogDirectoryWatcher: A directory notification for '../../../../../../Programming/Unreal/02_battleTank/BattleTank/Content/' was aborted.
[2018.07.10-00.10.44:056][997]LogDirectoryWatcher: A directory notification for '../../Plugins/2D/Paper2D/Content/' was aborted.
[2018.07.10-00.10.44:056][997]LogDirectoryWatcher: A directory notification for '../../Plugins/Enterprise/DatasmithContent/Content/' was aborted.
[2018.07.10-00.10.44:056][997]LogDirectoryWatcher: A directory notification for '../../Plugins/Media/MediaCompositing/Content/' was aborted.
[2018.07.10-00.10.44:056][997]LogDirectoryWatcher: A directory notification for '../../Plugins/Runtime/AppleARKit/Content/' was aborted.
[2018.07.10-00.10.44:056][997]LogDirectoryWatcher: A directory notification for '../../Plugins/Runtime/Oculus/OculusVR/Content/' was aborted.
[2018.07.10-00.10.44:135][997]LogExit: Object subsystem successfully closed.
[2018.07.10-00.10.44:151][997]LogShaderCompilers: Display: Shaders left to compile 0
[2018.07.10-00.10.44:154][997]LogD3D11RHI: Shutdown
[2018.07.10-00.10.44:154][997]LogD3D11RHI: CleanupD3DDevice
[2018.07.10-00.10.44:155][997]LogD3D11RHI: ~FD3D11DynamicRHI
[2018.07.10-00.10.44:162][997]LogModuleManager: Shutting down and abandoning module BattleTank (577)
[2018.07.10-00.10.44:162][997]LogModuleManager: Shutting down and abandoning module MovieSceneCapture (576)
[2018.07.10-00.10.44:162][997]LogModuleManager: Shutting down and abandoning module BlueprintGraph (574)
[2018.07.10-00.10.44:162][997]LogModuleManager: Shutting down and abandoning module HierarchicalLODOutliner (572)
[2018.07.10-00.10.44:162][997]LogModuleManager: Shutting down and abandoning module DesktopPlatform (570)
[2018.07.10-00.10.44:162][997]LogModuleManager: Shutting down and abandoning module AddContentDialog (568)
[2018.07.10-00.10.44:162][997]LogDirectoryWatcher: A directory notification for 'N:/Program Files/EpicGames/UE_4.19/FeaturePacks/' was aborted.
[2018.07.10-00.10.44:163][997]LogModuleManager: Shutting down and abandoning module WidgetCarousel (567)
[2018.07.10-00.10.44:163][997]LogModuleManager: Shutting down and abandoning module EditorWidgets (564)
[2018.07.10-00.10.44:163][997]LogModuleManager: Shutting down and abandoning module CollectionManager (562)
[2018.07.10-00.10.44:163][997]LogDirectoryWatcher: A directory notification for 'N:/Programming/Unreal/02_battleTank/BattleTank/Content/Collections/' was aborted.
[2018.07.10-00.10.44:163][997]LogDirectoryWatcher: A directory notification for 'N:/Programming/Unreal/02_battleTank/BattleTank/Content/Developers/morga/Collections/' was aborted.
[2018.07.10-00.10.44:163][997]LogDirectoryWatcher: A directory notification for 'N:/Programming/Unreal/02_battleTank/BattleTank/Saved/Collections/' was aborted.
[2018.07.10-00.10.44:163][997]LogModuleManager: Shutting down and abandoning module SceneOutliner (560)
[2018.07.10-00.10.44:163][997]LogModuleManager: Shutting down and abandoning module StatsViewer (558)
[2018.07.10-00.10.44:163][997]LogModuleManager: Shutting down and abandoning module FoliageEdit (556)
[2018.07.10-00.10.44:163][997]LogModuleManager: Shutting down and abandoning module LandscapeEditor (554)
[2018.07.10-00.10.44:163][997]LogModuleManager: Shutting down and abandoning module MeshPaintMode (552)
[2018.07.10-00.10.44:163][997]LogModuleManager: Shutting down and abandoning module SceneDepthPickerMode (550)
[2018.07.10-00.10.44:163][997]LogModuleManager: Shutting down and abandoning module ActorPickerMode (548)
[2018.07.10-00.10.44:163][997]LogModuleManager: Shutting down and abandoning module GeometryMode (546)
[2018.07.10-00.10.44:163][997]LogModuleManager: Shutting down and abandoning module TextureAlignMode (544)
[2018.07.10-00.10.44:163][997]LogModuleManager: Shutting down and abandoning module BspMode (542)
[2018.07.10-00.10.44:164][997]LogModuleManager: Shutting down and abandoning module PIEPreviewDeviceProfileSelector (540)
[2018.07.10-00.10.44:164][997]LogModuleManager: Shutting down and abandoning module HardwareSurvey (538)
[2018.07.10-00.10.44:164][997]LogModuleManager: Shutting down and abandoning module SequenceRecorderSections (536)
[2018.07.10-00.10.44:164][997]LogModuleManager: Shutting down and abandoning module AutomationWorker (534)
[2018.07.10-00.10.44:164][997]LogModuleManager: Shutting down and abandoning module AudioCaptureEditor (532)
[2018.07.10-00.10.44:164][997]LogModuleManager: Shutting down and abandoning module SequenceRecorder (531)
[2018.07.10-00.10.44:164][997]LogModuleManager: Shutting down and abandoning module MatineeToLevelSequence (528)
[2018.07.10-00.10.44:164][997]LogModuleManager: Shutting down and abandoning module LevelSequenceEditor (526)
[2018.07.10-00.10.44:164][997]LogModuleManager: Shutting down and abandoning module PlacementMode (525)
[2018.07.10-00.10.44:164][997]LogModuleManager: Shutting down and abandoning module MaterialEditor (524)
[2018.07.10-00.10.44:164][997]LogModuleManager: Shutting down and abandoning module WmfMediaFactory (520)
[2018.07.10-00.10.44:164][997]LogModuleManager: Shutting down and abandoning module WmfMediaEditor (518)
[2018.07.10-00.10.44:164][997]LogModuleManager: Shutting down and abandoning module MediaPlayerEditor (516)
[2018.07.10-00.10.44:164][997]LogModuleManager: Shutting down and abandoning module OpenExrWrapper (514)
[2018.07.10-00.10.44:164][997]LogModuleManager: Shutting down and abandoning module ImgMediaFactory (512)
[2018.07.10-00.10.44:164][997]LogModuleManager: Shutting down and abandoning module ImgMediaEditor (510)
[2018.07.10-00.10.44:164][997]LogModuleManager: Shutting down and abandoning module AvfMediaFactory (508)
[2018.07.10-00.10.44:164][997]LogModuleManager: Shutting down and abandoning module AvfMediaEditor (506)
[2018.07.10-00.10.44:164][997]LogModuleManager: Shutting down and abandoning module AndroidMediaFactory (504)
[2018.07.10-00.10.44:164][997]LogModuleManager: Shutting down and abandoning module AndroidMediaEditor (502)
[2018.07.10-00.10.44:164][997]LogModuleManager: Shutting down and abandoning module CharacterAI (500)
[2018.07.10-00.10.44:164][997]LogModuleManager: Shutting down and abandoning module SmartSnapping (498)
[2018.07.10-00.10.44:164][997]LogModuleManager: Shutting down and abandoning module SessionServices (496)
[2018.07.10-00.10.44:164][997]LogModuleManager: Shutting down and abandoning module ViewportSnapping (494)
[2018.07.10-00.10.44:164][997]LogModuleManager: Shutting down and abandoning module ViewportInteraction (492)
[2018.07.10-00.10.44:164][997]LogModuleManager: Shutting down and abandoning module ClothPainter (490)
[2018.07.10-00.10.44:164][997]LogModuleManager: Shutting down and abandoning module SkeletalMeshEditor (489)
[2018.07.10-00.10.44:164][997]LogModuleManager: Shutting down and abandoning module LogVisualizer (486)
[2018.07.10-00.10.44:164][997]LogModuleManager: Shutting down and abandoning module IntroTutorials (484)
[2018.07.10-00.10.44:164][997]LogModuleManager: Shutting down and abandoning module GameProjectGeneration (483)
[2018.07.10-00.10.44:164][997]LogModuleManager: Shutting down and abandoning module IOSPlatformEditor (480)
[2018.07.10-00.10.44:164][997]LogModuleManager: Shutting down and abandoning module HTML5PlatformEditor (478)
[2018.07.10-00.10.44:164][997]LogModuleManager: Shutting down and abandoning module AndroidPlatformEditor (476)
[2018.07.10-00.10.44:164][997]LogModuleManager: Shutting down and abandoning module AndroidDeviceDetection (475)
[2018.07.10-00.10.44:938][997]LogModuleManager: Shutting down and abandoning module WindowsPlatformEditor (472)
[2018.07.10-00.10.44:938][997]LogModuleManager: Shutting down and abandoning module IOSRuntimeSettings (470)
[2018.07.10-00.10.44:938][997]LogModuleManager: Shutting down and abandoning module AndroidRuntimeSettings (468)
[2018.07.10-00.10.44:938][997]LogModuleManager: Shutting down and abandoning module InputBindingEditor (466)
[2018.07.10-00.10.44:938][997]LogModuleManager: Shutting down and abandoning module MergeActors (464)
[2018.07.10-00.10.44:938][997]LogModuleManager: Shutting down and abandoning module LocalizationDashboard (462)
[2018.07.10-00.10.44:938][997]LogModuleManager: Shutting down and abandoning module LocalizationService (461)
[2018.07.10-00.10.44:938][997]LogModuleManager: Shutting down and abandoning module HardwareTargeting (458)
[2018.07.10-00.10.44:938][997]LogModuleManager: Shutting down and abandoning module DeviceProfileEditor (456)
[2018.07.10-00.10.44:938][997]LogModuleManager: Shutting down and abandoning module UndoHistory (454)
[2018.07.10-00.10.44:938][997]LogModuleManager: Shutting down and abandoning module XmlParser (452)
[2018.07.10-00.10.44:938][997]LogModuleManager: Shutting down and abandoning module Blutility (450)
[2018.07.10-00.10.44:938][997]LogModuleManager: Shutting down and abandoning module ProjectSettingsViewer (448)
[2018.07.10-00.10.44:938][997]LogModuleManager: Shutting down and abandoning module ProjectTargetPlatformEditor (447)
[2018.07.10-00.10.44:939][997]LogModuleManager: Shutting down and abandoning module EditorSettingsViewer (444)
[2018.07.10-00.10.44:939][997]LogModuleManager: Shutting down and abandoning module SettingsEditor (442)
[2018.07.10-00.10.44:939][997]LogModuleManager: Shutting down and abandoning module ProjectLauncher (440)
[2018.07.10-00.10.44:939][997]LogModuleManager: Shutting down and abandoning module SessionFrontend (438)
[2018.07.10-00.10.44:939][997]LogModuleManager: Shutting down and abandoning module ProfilerClient (436)
[2018.07.10-00.10.44:939][997]LogModuleManager: Shutting down and abandoning module DeviceManager (434)
[2018.07.10-00.10.44:939][997]LogModuleManager: Shutting down and abandoning module TargetDeviceServices (433)
[2018.07.10-00.10.44:993][997]LogModuleManager: Shutting down and abandoning module AutomationController (430)
[2018.07.10-00.10.44:993][997]LogModuleManager: Shutting down and abandoning module AutomationWindow (428)
[2018.07.10-00.10.44:993][997]LogModuleManager: Shutting down and abandoning module Layers (426)
[2018.07.10-00.10.44:993][997]LogModuleManager: Shutting down and abandoning module ComponentVisualizers (424)
[2018.07.10-00.10.44:993][997]LogModuleManager: Shutting down and abandoning module DetailCustomizations (422)
[2018.07.10-00.10.44:993][997]LogModuleManager: Shutting down and abandoning module PackagesDialog (420)
[2018.07.10-00.10.44:993][997]LogModuleManager: Shutting down and abandoning module Persona (418)
[2018.07.10-00.10.44:993][997]LogModuleManager: Shutting down and abandoning module AdvancedPreviewScene (417)
[2018.07.10-00.10.44:993][997]LogModuleManager: Shutting down and abandoning module AnimGraph (415)
[2018.07.10-00.10.44:993][997]LogModuleManager: Shutting down and abandoning module Kismet (412)
[2018.07.10-00.10.44:997][997]LogModuleManager: Shutting down and abandoning module GraphEditor (410)
[2018.07.10-00.10.44:997][997]LogModuleManager: Shutting down and abandoning module ClassViewer (408)
[2018.07.10-00.10.44:997][997]LogModuleManager: Shutting down and abandoning module Toolbox (406)
[2018.07.10-00.10.44:997][997]LogModuleManager: Shutting down and abandoning module ModuleUI (404)
[2018.07.10-00.10.44:997][997]LogModuleManager: Shutting down and abandoning module MovieSceneTools (402)
[2018.07.10-00.10.44:997][997]LogModuleManager: Shutting down and abandoning module OutputLog (400)
[2018.07.10-00.10.44:997][997]LogModuleManager: Shutting down and abandoning module GammaUI (398)
[2018.07.10-00.10.44:997][997]LogModuleManager: Shutting down and abandoning module Documentation (396)
[2018.07.10-00.10.44:997][997]LogModuleManager: Shutting down and abandoning module MovieSceneTracks (394)
[2018.07.10-00.10.44:997][997]LogModuleManager: Shutting down and abandoning module MovieScene (392)
[2018.07.10-00.10.44:997][997]LogModuleManager: Shutting down and abandoning module StreamingPauseRendering (390)
[2018.07.10-00.10.44:997][997]LogModuleManager: Shutting down and abandoning module LauncherPlatform (388)
[2018.07.10-00.10.44:997][997]LogModuleManager: Shutting down and abandoning module AnalyticsET (386)
[2018.07.10-00.10.44:997][997]LogModuleManager: Shutting down and abandoning module PortalServices (384)
[2018.07.10-00.10.44:997][997]LogModuleManager: Shutting down and abandoning module PortalRpc (382)
[2018.07.10-00.10.44:997][997]LogModuleManager: Shutting down and abandoning module MessagingRpc (380)
[2018.07.10-00.10.44:997][997]LogModuleManager: Shutting down and abandoning module AIModule (378)
[2018.07.10-00.10.44:997][997]LogModuleManager: Shutting down and abandoning module GameplayDebugger (377)
[2018.07.10-00.10.44:997][997]LogModuleManager: Shutting down and abandoning module AITestSuite (375)
[2018.07.10-00.10.44:997][997]LogModuleManager: Shutting down and abandoning module ProfilerService (372)
[2018.07.10-00.10.45:201][997]LogModuleManager: Shutting down and abandoning module TaskGraph (370)
[2018.07.10-00.10.45:201][997]LogModuleManager: Shutting down and abandoning module ProceduralMeshComponentEditor (368)
[2018.07.10-00.10.45:201][997]LogModuleManager: Shutting down and abandoning module ProceduralMeshComponent (366)
[2018.07.10-00.10.45:201][997]LogModuleManager: Shutting down and abandoning module OculusInput (364)
[2018.07.10-00.10.45:201][997]LogModuleManager: Shutting down and abandoning module MobilePatchingUtils (362)
[2018.07.10-00.10.45:201][997]LogModuleManager: Shutting down and abandoning module CustomMeshComponent (360)
[2018.07.10-00.10.45:201][997]LogModuleManager: Shutting down and abandoning module CableComponent (358)
[2018.07.10-00.10.45:201][997]LogModuleManager: Shutting down and abandoning module AudioCapture (356)
[2018.07.10-00.10.45:201][997]LogModuleManager: Shutting down and abandoning module ArchVisCharacter (354)
[2018.07.10-00.10.45:201][997]LogModuleManager: Shutting down and abandoning module AndroidPermission (352)
[2018.07.10-00.10.45:201][997]LogModuleManager: Shutting down and abandoning module NUTUnrealEngine4 (348)
[2018.07.10-00.10.45:202][997]LogModuleManager: Shutting down and abandoning module NetcodeUnitTest (346)
[2018.07.10-00.10.45:202][997]LogModuleManager: Shutting down and abandoning module MediaCompositingEditor (344)
[2018.07.10-00.10.45:202][997]LogModuleManager: Shutting down and abandoning module MediaCompositing (342)
[2018.07.10-00.10.45:202][997]LogModuleManager: Shutting down and abandoning module LinearTimecode (340)
[2018.07.10-00.10.45:202][997]LogModuleManager: Shutting down and abandoning module ImgMedia (338)
[2018.07.10-00.10.45:204][997]LogModuleManager: Shutting down and abandoning module HTML5Networking (336)
[2018.07.10-00.10.45:204][997]LogModuleManager: Shutting down and abandoning module AlembicImporter (334)
[2018.07.10-00.10.45:204][997]LogModuleManager: Shutting down and abandoning module AlembicLibrary (333)
[2018.07.10-00.10.45:204][997]LogModuleManager: Shutting down and abandoning module GeometryCache (332)
[2018.07.10-00.10.45:204][997]LogModuleManager: Shutting down and abandoning module GeometryCacheEd (331)
[2018.07.10-00.10.45:204][997]LogModuleManager: Shutting down and abandoning module DatasmithContent (326)
[2018.07.10-00.10.45:205][997]LogModuleManager: Shutting down and abandoning module SpeedTreeImporter (324)
[2018.07.10-00.10.45:205][997]LogModuleManager: Shutting down and abandoning module PluginBrowser (322)
[2018.07.10-00.10.45:205][997]LogModuleManager: Shutting down and abandoning module MobileLauncherProfileWizard (320)
[2018.07.10-00.10.45:205][997]LogModuleManager: Shutting down and abandoning module CryptoKeysOpenSSL (318)
[2018.07.10-00.10.45:205][997]LogModuleManager: Shutting down and abandoning module CryptoKeys (316)
[2018.07.10-00.10.45:205][997]LogModuleManager: Shutting down and abandoning module VisualStudioSourceCodeAccess (314)
[2018.07.10-00.10.45:205][997]LogModuleManager: Shutting down and abandoning module VisualStudioCodeSourceCodeAccess (312)
[2018.07.10-00.10.45:205][997]LogModuleManager: Shutting down and abandoning module UObjectPlugin (310)
[2018.07.10-00.10.45:205][997]LogModuleManager: Shutting down and abandoning module SubversionSourceControl (308)
[2018.07.10-00.10.45:205][997]LogModuleManager: Shutting down and abandoning module PerforceSourceControl (306)
[2018.07.10-00.10.45:205][997]LogModuleManager: Shutting down and abandoning module GitSourceControl (304)
[2018.07.10-00.10.45:205][997]LogModuleManager: Shutting down and abandoning module SourceControl (303)
[2018.07.10-00.10.45:205][997]LogModuleManager: Shutting down and abandoning module CLionSourceCodeAccess (300)
[2018.07.10-00.10.45:205][997]LogModuleManager: Shutting down and abandoning module LightPropagationVolumeEditor (298)
[2018.07.10-00.10.45:205][997]LogModuleManager: Shutting down and abandoning module PaperTiledImporter (296)
[2018.07.10-00.10.45:205][997]LogModuleManager: Shutting down and abandoning module PaperSpriteSheetImporter (294)
[2018.07.10-00.10.45:205][997]LogModuleManager: Shutting down and abandoning module Paper2DEditor (292)
[2018.07.10-00.10.45:205][997]LogModuleManager: Shutting down and abandoning module MeshPaint (291)
[2018.07.10-00.10.45:205][997]LogModuleManager: Shutting down and abandoning module RuntimePhysXCooking (286)
[2018.07.10-00.10.45:205][997]LogModuleManager: Shutting down and abandoning module PhysXVehiclesEditor (284)
[2018.07.10-00.10.45:205][997]LogModuleManager: Shutting down and abandoning module PhysXVehicles (282)
[2018.07.10-00.10.45:205][997]LogModuleManager: Shutting down and abandoning module OculusEditor (280)
[2018.07.10-00.10.45:205][997]LogModuleManager: Shutting down and abandoning module LocationServicesBPLibrary (278)
[2018.07.10-00.10.45:205][997]LogModuleManager: Shutting down and abandoning module ImmediatePhysicsEditor (276)
[2018.07.10-00.10.45:205][997]LogModuleManager: Shutting down and abandoning module ImmediatePhysics (274)
[2018.07.10-00.10.45:205][997]LogModuleManager: Shutting down and abandoning module ActorSequence (272)
[2018.07.10-00.10.45:205][997]LogModuleManager: Shutting down and abandoning module UdpMessaging (270)
[2018.07.10-00.10.45:306][997]LogModuleManager: Shutting down and abandoning module TcpMessaging (268)
[2018.07.10-00.10.45:406][997]LogModuleManager: Shutting down and abandoning module GameplayTagsEditor (266)
[2018.07.10-00.10.45:406][997]LogModuleManager: Shutting down and abandoning module FacialAnimationEditor (264)
[2018.07.10-00.10.45:406][997]LogModuleManager: Shutting down and abandoning module FacialAnimation (262)
[2018.07.10-00.10.45:406][997]LogModuleManager: Shutting down and abandoning module DataValidation (260)
[2018.07.10-00.10.45:406][997]LogModuleManager: Shutting down and abandoning module AssetManagerEditor (258)
[2018.07.10-00.10.45:406][997]LogModuleManager: Shutting down and abandoning module LevelEditor (257)
[2018.07.10-00.10.45:407][997]LogModuleManager: Shutting down and abandoning module PixelInspectorModule (256)
[2018.07.10-00.10.45:407][997]LogModuleManager: Shutting down and abandoning module CommonMenuExtensions (254)
[2018.07.10-00.10.45:407][997]LogModuleManager: Shutting down and abandoning module MainFrame (252)
[2018.07.10-00.10.45:407][997]LogModuleManager: Shutting down and abandoning module HotReload (251)
[2018.07.10-00.10.45:407][997]LogDirectoryWatcher: A directory notification for 'N:/Programming/Unreal/02_battleTank/BattleTank/Binaries/Win64' was aborted.
[2018.07.10-00.10.45:407][997]LogModuleManager: Shutting down and abandoning module ContentBrowser (247)
[2018.07.10-00.10.45:408][997]LogModuleManager: Shutting down and abandoning module TreeMap (245)
[2018.07.10-00.10.45:409][997]LogModuleManager: Shutting down and abandoning module LightPropagationVolumeRuntime (242)
[2018.07.10-00.10.45:409][997]LogModuleManager: Shutting down and abandoning module LiveLinkEditor (240)
[2018.07.10-00.10.45:409][997]LogModuleManager: Shutting down and abandoning module LiveLink (238)
[2018.07.10-00.10.45:754][997]LogModuleManager: Shutting down and abandoning module Paper2D (236)
[2018.07.10-00.10.45:754][997]LogModuleManager: Shutting down and abandoning module WindowsMoviePlayer (234)
[2018.07.10-00.10.45:754][997]LogModuleManager: Shutting down and abandoning module WmfMedia (232)
[2018.07.10-00.10.45:755][997]LogModuleManager: Shutting down and abandoning module Media (231)
[2018.07.10-00.10.45:761][997]LogModuleManager: Shutting down and abandoning module PacketHandler (228)
[2018.07.10-00.10.45:761][997]LogModuleManager: Shutting down and abandoning module ClothingSystemEditor (226)
[2018.07.10-00.10.45:761][997]LogModuleManager: Shutting down and abandoning module ClothingSystemRuntime (224)
[2018.07.10-00.10.45:761][997]LogModuleManager: Shutting down and abandoning module MediaAssets (222)
[2018.07.10-00.10.45:761][997]LogModuleManager: Shutting down and abandoning module Overlay (220)
[2018.07.10-00.10.45:761][997]LogModuleManager: Shutting down and abandoning module OverlayEditor (219)
[2018.07.10-00.10.45:761][997]LogModuleManager: Shutting down and abandoning module VREditor (216)
[2018.07.10-00.10.45:761][997]LogModuleManager: Shutting down and abandoning module StringTableEditor (214)
[2018.07.10-00.10.45:761][997]LogModuleManager: Shutting down and abandoning module GameplayTasksEditor (212)
[2018.07.10-00.10.45:761][997]LogModuleManager: Shutting down and abandoning module BehaviorTreeEditor (210)
[2018.07.10-00.10.45:761][997]LogModuleManager: Shutting down and abandoning module FunctionalTesting (208)
[2018.07.10-00.10.45:761][997]LogModuleManager: Shutting down and abandoning module CollisionAnalyzer (206)
[2018.07.10-00.10.45:761][997]LogModuleManager: Shutting down and abandoning module WorkspaceMenuStructure (205)
[2018.07.10-00.10.45:761][997]LogModuleManager: Shutting down and abandoning module UMG (202)
[2018.07.10-00.10.45:761][997]LogModuleManager: Shutting down and abandoning module UMGEditor (201)
[2018.07.10-00.10.45:761][997]LogModuleManager: Shutting down and abandoning module Sequencer (200)
[2018.07.10-00.10.45:761][997]LogModuleManager: Shutting down and abandoning module MessageLog (197)
[2018.07.10-00.10.45:761][997]LogModuleManager: Shutting down and abandoning module SlateReflector (192)
[2018.07.10-00.10.45:761][997]LogModuleManager: Shutting down and abandoning module Slate (190)
[2018.07.10-00.10.45:761][997]LogModuleManager: Shutting down and abandoning module EditorStyle (188)
[2018.07.10-00.10.45:762][997]LogModuleManager: Shutting down and abandoning module MRMesh (186)
[2018.07.10-00.10.45:762][997]LogModuleManager: Shutting down and abandoning module SourceCodeAccess (184)
[2018.07.10-00.10.45:763][997]LogModuleManager: Shutting down and abandoning module HeadMountedDisplay (182)
[2018.07.10-00.10.45:763][997]LogModuleManager: Shutting down and abandoning module XAudio2 (180)
[2018.07.10-00.10.45:763][997]LogModuleManager: Shutting down and abandoning module Networking (178)
[2018.07.10-00.10.45:763][997]LogModuleManager: Shutting down and abandoning module Core (176)
[2018.07.10-00.10.45:763][997]LogModuleManager: Shutting down and abandoning module LevelSequence (174)
[2018.07.10-00.10.45:763][997]LogModuleManager: Shutting down and abandoning module KismetCompiler (172)
[2018.07.10-00.10.45:763][997]LogModuleManager: Shutting down and abandoning module MeshUtilities (170)
[2018.07.10-00.10.45:763][997]LogModuleManager: Shutting down and abandoning module MeshMergeUtilities (169)
[2018.07.10-00.10.45:763][997]LogModuleManager: Shutting down and abandoning module MeshReductionInterface (168)
[2018.07.10-00.10.45:763][997]LogModuleManager: Shutting down and abandoning module SimplygonSwarm (167)
[2018.07.10-00.10.45:763][997]LogModuleManager: Shutting down and abandoning module SimplygonMeshReduction (165)
[2018.07.10-00.10.45:763][997]LogModuleManager: Shutting down and abandoning module QuadricMeshReduction (163)
[2018.07.10-00.10.45:763][997]LogModuleManager: Shutting down and abandoning module MaterialBaking (159)
[2018.07.10-00.10.45:763][997]LogModuleManager: Shutting down and abandoning module DirectoryWatcher (155)
[2018.07.10-00.10.45:766][997]LogModuleManager: Shutting down and abandoning module DerivedDataCache (152)
[2018.07.10-00.10.45:847][997]LogDerivedDataCache: Shutdown
[2018.07.10-00.10.45:847][997]LogModuleManager: Shutting down and abandoning module XGEController (150)
[2018.07.10-00.10.45:847][997]LogModuleManager: Shutting down and abandoning module TargetPlatform (148)
[2018.07.10-00.10.45:847][997]LogModuleManager: Shutting down and abandoning module VulkanShaderFormat (147)
[2018.07.10-00.10.45:847][997]LogModuleManager: Shutting down and abandoning module ShaderFormatVectorVM (145)
[2018.07.10-00.10.45:847][997]LogModuleManager: Shutting down and abandoning module ShaderFormatOpenGL (143)
[2018.07.10-00.10.45:847][997]LogModuleManager: Shutting down and abandoning module ShaderFormatD3D (141)
[2018.07.10-00.10.45:847][997]LogModuleManager: Shutting down and abandoning module MetalShaderFormat (139)
[2018.07.10-00.10.45:847][997]LogModuleManager: Shutting down and abandoning module TextureFormatUncompressed (137)
[2018.07.10-00.10.45:847][997]LogModuleManager: Shutting down and abandoning module TextureFormatPVR (135)
[2018.07.10-00.10.45:847][997]LogModuleManager: Shutting down and abandoning module TextureFormatDXT (133)
[2018.07.10-00.10.45:847][997]LogModuleManager: Shutting down and abandoning module TextureFormatIntelISPCTexComp (131)
[2018.07.10-00.10.45:847][997]LogModuleManager: Shutting down and abandoning module TextureFormatASTC (129)
[2018.07.10-00.10.45:847][997]LogModuleManager: Shutting down and abandoning module ImageWrapper (128)
[2018.07.10-00.10.45:847][997]LogModuleManager: Shutting down and abandoning module TextureFormatAndroid (125)
[2018.07.10-00.10.45:847][997]LogModuleManager: Shutting down and abandoning module AudioFormatOpus (123)
[2018.07.10-00.10.45:847][997]LogModuleManager: Shutting down and abandoning module AudioFormatOgg (121)
[2018.07.10-00.10.45:847][997]LogModuleManager: Shutting down and abandoning module AudioFormatADPCM (119)
[2018.07.10-00.10.45:847][997]LogModuleManager: Shutting down and abandoning module LinuxTargetPlatform (117)
[2018.07.10-00.10.45:847][997]LogModuleManager: Shutting down and abandoning module LinuxServerTargetPlatform (115)
[2018.07.10-00.10.45:847][997]LogModuleManager: Shutting down and abandoning module LinuxNoEditorTargetPlatform (113)
[2018.07.10-00.10.45:847][997]LogModuleManager: Shutting down and abandoning module LinuxClientTargetPlatform (111)
[2018.07.10-00.10.45:847][997]LogModuleManager: Shutting down and abandoning module TVOSTargetPlatform (109)
[2018.07.10-00.10.45:847][997]LogModuleManager: Shutting down and abandoning module Messaging (107)
[2018.07.10-00.10.45:847][997]LogModuleManager: Shutting down and abandoning module IOSTargetPlatform (105)
[2018.07.10-00.10.45:847][997]LogModuleManager: Shutting down and abandoning module HTML5TargetPlatform (103)
[2018.07.10-00.10.45:847][997]LogModuleManager: Shutting down and abandoning module AndroidTargetPlatform (101)
[2018.07.10-00.10.45:847][997]LogModuleManager: Shutting down and abandoning module Android_PVRTCTargetPlatform (99)
[2018.07.10-00.10.45:847][997]LogModuleManager: Shutting down and abandoning module Android_MultiTargetPlatform (97)
[2018.07.10-00.10.45:847][997]LogModuleManager: Shutting down and abandoning module Android_ETC2TargetPlatform (95)
[2018.07.10-00.10.45:847][997]LogModuleManager: Shutting down and abandoning module Android_ETC1TargetPlatform (93)
[2018.07.10-00.10.45:848][997]LogModuleManager: Shutting down and abandoning module Android_ETC1aTargetPlatform (91)
[2018.07.10-00.10.45:848][997]LogModuleManager: Shutting down and abandoning module Android_DXTTargetPlatform (89)
[2018.07.10-00.10.45:848][997]LogModuleManager: Shutting down and abandoning module Android_ATCTargetPlatform (87)
[2018.07.10-00.10.45:848][997]LogModuleManager: Shutting down and abandoning module Android_ASTCTargetPlatform (85)
[2018.07.10-00.10.45:848][997]LogModuleManager: Shutting down and abandoning module WindowsTargetPlatform (83)
[2018.07.10-00.10.45:848][997]LogModuleManager: Shutting down and abandoning module WindowsServerTargetPlatform (81)
[2018.07.10-00.10.45:848][997]LogModuleManager: Shutting down and abandoning module WindowsNoEditorTargetPlatform (79)
[2018.07.10-00.10.45:848][997]LogModuleManager: Shutting down and abandoning module WindowsClientTargetPlatform (77)
[2018.07.10-00.10.45:848][997]LogModuleManager: Shutting down and abandoning module MacTargetPlatform (75)
[2018.07.10-00.10.45:848][997]LogModuleManager: Shutting down and abandoning module MacServerTargetPlatform (73)
[2018.07.10-00.10.45:848][997]LogModuleManager: Shutting down and abandoning module MacNoEditorTargetPlatform (71)
[2018.07.10-00.10.45:848][997]LogModuleManager: Shutting down and abandoning module MacClientTargetPlatform (69)
[2018.07.10-00.10.45:848][997]LogModuleManager: Shutting down and abandoning module AllDesktopTargetPlatform (67)
[2018.07.10-00.10.45:848][997]LogModuleManager: Shutting down and abandoning module InputCore (64)
[2018.07.10-00.10.45:848][997]LogModuleManager: Shutting down and abandoning module Settings (62)
[2018.07.10-00.10.45:848][997]LogModuleManager: Shutting down and abandoning module PhysXCooking (60)
[2018.07.10-00.10.45:848][997]LogModuleManager: Shutting down and abandoning module OculusHMD (58)
[2018.07.10-00.10.45:848][997]LogModuleManager: Shutting down and abandoning module ExampleDeviceProfileSelector (56)
[2018.07.10-00.10.45:848][997]LogModuleManager: Shutting down and abandoning module AppleARKit (54)
[2018.07.10-00.10.45:848][997]LogModuleManager: Shutting down and abandoning module AugmentedReality (51)
[2018.07.10-00.10.45:848][997]LogModuleManager: Shutting down and abandoning module OnlineBlueprintSupport (48)
[2018.07.10-00.10.45:848][997]LogModuleManager: Shutting down and abandoning module OnlineSubsystem (44)
[2018.07.10-00.10.45:848][997]LogModuleManager: Shutting down and abandoning module XMPP (43)
[2018.07.10-00.10.45:848][997]LogModuleManager: Shutting down and abandoning module HTTP (41)
[2018.07.10-00.10.45:848][997]LogHttp: Display: Http module shutting down, but needs to wait on 1 outstanding Http requests:
[2018.07.10-00.10.45:848][997]LogHttp: Display: 	verb=[POST] url=[https://datarouter.ol.epicgames.com/datarouter/api/v1/public/data?SessionID=%7BA8B78205-42C1-8C0B-D9F0-8498540DDFDD%7D&AppID=UEEditor.Rocket.Release&AppVersion=4.19.2-4033788%2B%2B%2BUE4%2BRelease-4.19&UserID=7e5b2c014c7bea667e7322b9c64033a5%7C95d8a0419b8b4b2ca55b199c7d55eef6%7Ce7ce1c4d-2e3f-4dea-ab5b-de732cb48466&AppEnvironment=datacollector-binary&UploadType=eteventstream] status=Processing
[2018.07.10-00.10.45:854][997]LogModuleManager: Shutting down and abandoning module SSL (40)
[2018.07.10-00.10.45:855][997]LogModuleManager: Shutting down and abandoning module AnimationModifiers (36)
[2018.07.10-00.10.45:855][997]LogModuleManager: Shutting down and abandoning module PropertyEditor (35)
[2018.07.10-00.10.45:855][997]LogModuleManager: Shutting down and abandoning module AudioEditor (32)
[2018.07.10-00.10.45:855][997]LogModuleManager: Shutting down and abandoning module TextureCompressor (30)
[2018.07.10-00.10.45:855][997]LogModuleManager: Shutting down and abandoning module ShaderCore (28)
[2018.07.10-00.10.45:855][997]LogModuleManager: Shutting down and abandoning module Landscape (26)
[2018.07.10-00.10.45:855][997]LogModuleManager: Shutting down and abandoning module SlateRHIRenderer (24)
[2018.07.10-00.10.45:855][997]LogModuleManager: Shutting down and abandoning module OpenGLDrv (22)
[2018.07.10-00.10.45:855][997]LogModuleManager: Shutting down and abandoning module D3D11RHI (20)
[2018.07.10-00.10.45:855][997]LogModuleManager: Shutting down and abandoning module AnimGraphRuntime (18)
[2018.07.10-00.10.45:855][997]LogModuleManager: Shutting down and abandoning module Renderer (16)
[2018.07.10-00.10.45:855][997]LogModuleManager: Shutting down and abandoning module Engine (14)
[2018.07.10-00.10.45:855][997]LogModuleManager: Shutting down and abandoning module CoreUObject (12)
[2018.07.10-00.10.45:855][997]LogModuleManager: Shutting down and abandoning module NetworkFile (10)
[2018.07.10-00.10.45:855][997]LogModuleManager: Shutting down and abandoning module CookedIterativeFile (8)
[2018.07.10-00.10.45:855][997]LogModuleManager: Shutting down and abandoning module StreamingFile (6)
[2018.07.10-00.10.45:856][997]LogModuleManager: Shutting down and abandoning module SandboxFile (4)
[2018.07.10-00.10.45:856][997]LogModuleManager: Shutting down and abandoning module PakFile (2)
[2018.07.10-00.10.45:863][997]LogExit: Exiting.
[2018.07.10-00.10.45:871][997]Log file closed, 07/10/18 02:10:45
